{"meta": {"format": 3, "version": "7.13.1", "timestamp": "2026-01-06T09:59:03.415676", "branch_coverage": false, "show_contexts": false}, "files": {"api/__init__.py": {"executed_lines": [], "summary": {"covered_lines": 0, "num_statements": 0, "percent_covered": 100.0, "percent_covered_display": "100", "missing_lines": 0, "excluded_lines": 0, "percent_statements_covered": 100.0, "percent_statements_covered_display": "100"}, "missing_lines": [], "excluded_lines": [], "functions": {"": {"executed_lines": [], "summary": {"covered_lines": 0, "num_statements": 0, "percent_covered": 100.0, "percent_covered_display": "100", "missing_lines": 0, "excluded_lines": 0, "percent_statements_covered": 100.0, "percent_statements_covered_display": "100"}, "missing_lines": [], "excluded_lines": [], "start_line": 1}}, "classes": {"": {"executed_lines": [], "summary": {"covered_lines": 0, "num_statements": 0, "percent_covered": 100.0, "percent_covered_display": "100", "missing_lines": 0, "excluded_lines": 0, "percent_statements_covered": 100.0, "percent_statements_covered_display": "100"}, "missing_lines": [], "excluded_lines": [], "start_line": 1}}}, "api/client.py": {"executed_lines": [1, 2, 3, 4, 6, 9, 10, 12, 13, 20, 21, 23, 24, 25, 26, 27, 28, 29, 33, 34, 35, 37, 38, 40, 42, 43, 46, 47, 48, 51, 52, 53, 55, 57, 58, 59, 60, 62, 64, 65, 66, 67, 70, 71, 74, 75, 76, 79, 80, 81, 83, 84, 85, 87, 88, 90, 93, 96, 99, 106, 107, 110, 113, 115, 126, 127, 131, 132, 133, 137, 141, 142, 145, 148, 150, 164, 166, 167, 168, 172, 174, 175, 176, 180, 183, 186], "summary": {"covered_lines": 86, "num_statements": 116, "percent_covered": 74.13793103448276, "percent_covered_display": "74", "missing_lines": 30, "excluded_lines": 0, "percent_statements_covered": 74.13793103448276, "percent_statements_covered_display": "74"}, "missing_lines": [30, 31, 44, 72, 77, 91, 94, 97, 108, 117, 118, 119, 121, 122, 124, 128, 135, 143, 151, 152, 156, 159, 160, 162, 170, 177, 178, 181, 184, 187], "excluded_lines": [], "functions": {"HNClient.__init__": {"executed_lines": [13, 20, 21], "summary": {"covered_lines": 3, "num_statements": 3, "percent_covered": 100.0, "percent_covered_display": "100", "missing_lines": 0, "excluded_lines": 0, "percent_statements_covered": 100.0, "percent_statements_covered_display": "100"}, "missing_lines": [], "excluded_lines": [], "start_line": 12}, "HNClient._load_cookies": {"executed_lines": [24, 25, 26, 27, 28, 29], "summary": {"covered_lines": 6, "num_statements": 8, "percent_covered": 75.0, "percent_covered_display": "75", "missing_lines": 2, "excluded_lines": 0, "percent_statements_covered": 75.0, "percent_statements_covered_display": "75"}, "missing_lines": [30, 31], "excluded_lines": [], "start_line": 23}, "HNClient._save_cookies": {"executed_lines": [34, 35, 37, 38], "summary": {"covered_lines": 4, "num_statements": 4, "percent_covered": 100.0, "percent_covered_display": "100", "missing_lines": 0, "excluded_lines": 0, "percent_statements_covered": 100.0, "percent_statements_covered_display": "100"}, "missing_lines": [], "excluded_lines": [], "start_line": 33}, "HNClient.login": {"executed_lines": [42, 43, 46, 47, 48, 51, 52, 53, 55, 57, 58, 59, 60, 62], "summary": {"covered_lines": 14, "num_statements": 15, "percent_covered": 93.33333333333333, "percent_covered_display": "93", "missing_lines": 1, "excluded_lines": 0, "percent_statements_covered": 93.33333333333333, "percent_statements_covered_display": "93"}, "missing_lines": [44], "excluded_lines": [], "start_line": 40}, "HNClient._scrape_list": {"executed_lines": [65, 66, 67, 70, 71, 74, 75, 76, 79, 80, 81, 83, 84, 85], "summary": {"covered_lines": 14, "num_statements": 16, "percent_covered": 87.5, "percent_covered_display": "88", "missing_lines": 2, "excluded_lines": 0, "percent_statements_covered": 87.5, "percent_statements_covered_display": "88"}, "missing_lines": [72, 77], "excluded_lines": [], "start_line": 64}, "HNClient.fetch_favorites": {"executed_lines": [88], "summary": {"covered_lines": 1, "num_statements": 1, "percent_covered": 100.0, "percent_covered_display": "100", "missing_lines": 0, "excluded_lines": 0, "percent_statements_covered": 100.0, "percent_statements_covered_display": "100"}, "missing_lines": [], "excluded_lines": [], "start_line": 87}, "HNClient.fetch_upvoted": {"executed_lines": [], "summary": {"covered_lines": 0, "num_statements": 1, "percent_covered": 0.0, "percent_covered_display": "0", "missing_lines": 1, "excluded_lines": 0, "percent_statements_covered": 0.0, "percent_statements_covered_display": "0"}, "missing_lines": [91], "excluded_lines": [], "start_line": 90}, "HNClient.fetch_hidden": {"executed_lines": [], "summary": {"covered_lines": 0, "num_statements": 1, "percent_covered": 0.0, "percent_covered_display": "0", "missing_lines": 1, "excluded_lines": 0, "percent_statements_covered": 0.0, "percent_statements_covered_display": "0"}, "missing_lines": [94], "excluded_lines": [], "start_line": 93}, "HNClient.fetch_submitted": {"executed_lines": [], "summary": {"covered_lines": 0, "num_statements": 1, "percent_covered": 0.0, "percent_covered_display": "0", "missing_lines": 1, "excluded_lines": 0, "percent_statements_covered": 0.0, "percent_statements_covered_display": "0"}, "missing_lines": [97], "excluded_lines": [], "start_line": 96}, "HNClient.vote": {"executed_lines": [106, 107, 110, 113, 115, 126, 127, 131, 132, 133], "summary": {"covered_lines": 10, "num_statements": 19, "percent_covered": 52.63157894736842, "percent_covered_display": "53", "missing_lines": 9, "excluded_lines": 0, "percent_statements_covered": 52.63157894736842, "percent_statements_covered_display": "53"}, "missing_lines": [108, 117, 118, 119, 121, 122, 124, 128, 135], "excluded_lines": [], "start_line": 99}, "HNClient.hide": {"executed_lines": [141, 142, 145, 148, 150, 164, 166, 167, 168], "summary": {"covered_lines": 9, "num_statements": 17, "percent_covered": 52.94117647058823, "percent_covered_display": "53", "missing_lines": 8, "excluded_lines": 0, "percent_statements_covered": 52.94117647058823, "percent_statements_covered_display": "53"}, "missing_lines": [143, 151, 152, 156, 159, 160, 162, 170], "excluded_lines": [], "start_line": 137}, "HNClient.check_session": {"executed_lines": [174, 175, 176], "summary": {"covered_lines": 3, "num_statements": 5, "percent_covered": 60.0, "percent_covered_display": "60", "missing_lines": 2, "excluded_lines": 0, "percent_statements_covered": 60.0, "percent_statements_covered_display": "60"}, "missing_lines": [177, 178], "excluded_lines": [], "start_line": 172}, "HNClient.close": {"executed_lines": [], "summary": {"covered_lines": 0, "num_statements": 1, "percent_covered": 0.0, "percent_covered_display": "0", "missing_lines": 1, "excluded_lines": 0, "percent_statements_covered": 0.0, "percent_statements_covered_display": "0"}, "missing_lines": [181], "excluded_lines": [], "start_line": 180}, "HNClient.__aenter__": {"executed_lines": [], "summary": {"covered_lines": 0, "num_statements": 1, "percent_covered": 0.0, "percent_covered_display": "0", "missing_lines": 1, "excluded_lines": 0, "percent_statements_covered": 0.0, "percent_statements_covered_display": "0"}, "missing_lines": [184], "excluded_lines": [], "start_line": 183}, "HNClient.__aexit__": {"executed_lines": [], "summary": {"covered_lines": 0, "num_statements": 1, "percent_covered": 0.0, "percent_covered_display": "0", "missing_lines": 1, "excluded_lines": 0, "percent_statements_covered": 0.0, "percent_statements_covered_display": "0"}, "missing_lines": [187], "excluded_lines": [], "start_line": 186}, "": {"executed_lines": [1, 2, 3, 4, 6, 9, 10, 12, 23, 33, 40, 64, 87, 90, 93, 96, 99, 137, 172, 180, 183, 186], "summary": {"covered_lines": 22, "num_statements": 22, "percent_covered": 100.0, "percent_covered_display": "100", "missing_lines": 0, "excluded_lines": 0, "percent_statements_covered": 100.0, "percent_statements_covered_display": "100"}, "missing_lines": [], "excluded_lines": [], "start_line": 1}}, "classes": {"HNClient": {"executed_lines": [13, 20, 21, 24, 25, 26, 27, 28, 29, 34, 35, 37, 38, 42, 43, 46, 47, 48, 51, 52, 53, 55, 57, 58, 59, 60, 62, 65, 66, 67, 70, 71, 74, 75, 76, 79, 80, 81, 83, 84, 85, 88, 106, 107, 110, 113, 115, 126, 127, 131, 132, 133, 141, 142, 145, 148, 150, 164, 166, 167, 168, 174, 175, 176], "summary": {"covered_lines": 64, "num_statements": 94, "percent_covered": 68.08510638297872, "percent_covered_display": "68", "missing_lines": 30, "excluded_lines": 0, "percent_statements_covered": 68.08510638297872, "percent_statements_covered_display": "68"}, "missing_lines": [30, 31, 44, 72, 77, 91, 94, 97, 108, 117, 118, 119, 121, 122, 124, 128, 135, 143, 151, 152, 156, 159, 160, 162, 170, 177, 178, 181, 184, 187], "excluded_lines": [], "start_line": 9}, "": {"executed_lines": [1, 2, 3, 4, 6, 9, 10, 12, 23, 33, 40, 64, 87, 90, 93, 96, 99, 137, 172, 180, 183, 186], "summary": {"covered_lines": 22, "num_statements": 22, "percent_covered": 100.0, "percent_covered_display": "100", "missing_lines": 0, "excluded_lines": 0, "percent_statements_covered": 100.0, "percent_statements_covered_display": "100"}, "missing_lines": [], "excluded_lines": [], "start_line": 1}}}, "api/config.py": {"executed_lines": [1, 2, 3, 5, 6, 9, 10, 11, 12, 13, 14, 15, 16, 19, 20, 21, 22, 23, 24, 27, 28], "summary": {"covered_lines": 21, "num_statements": 21, "percent_covered": 100.0, "percent_covered_display": "100", "missing_lines": 0, "excluded_lines": 0, "percent_statements_covered": 100.0, "percent_statements_covered_display": "100"}, "missing_lines": [], "excluded_lines": [], "functions": {"load_config": {"executed_lines": [10, 11, 12, 13, 14, 15, 16], "summary": {"covered_lines": 7, "num_statements": 7, "percent_covered": 100.0, "percent_covered_display": "100", "missing_lines": 0, "excluded_lines": 0, "percent_statements_covered": 100.0, "percent_statements_covered_display": "100"}, "missing_lines": [], "excluded_lines": [], "start_line": 9}, "save_config": {"executed_lines": [20, 21, 22, 23, 24], "summary": {"covered_lines": 5, "num_statements": 5, "percent_covered": 100.0, "percent_covered_display": "100", "missing_lines": 0, "excluded_lines": 0, "percent_statements_covered": 100.0, "percent_statements_covered_display": "100"}, "missing_lines": [], "excluded_lines": [], "start_line": 19}, "get_username": {"executed_lines": [28], "summary": {"covered_lines": 1, "num_statements": 1, "percent_covered": 100.0, "percent_covered_display": "100", "missing_lines": 0, "excluded_lines": 0, "percent_statements_covered": 100.0, "percent_statements_covered_display": "100"}, "missing_lines": [], "excluded_lines": [], "start_line": 27}, "": {"executed_lines": [1, 2, 3, 5, 6, 9, 19, 27], "summary": {"covered_lines": 8, "num_statements": 8, "percent_covered": 100.0, "percent_covered_display": "100", "missing_lines": 0, "excluded_lines": 0, "percent_statements_covered": 100.0, "percent_statements_covered_display": "100"}, "missing_lines": [], "excluded_lines": [], "start_line": 1}}, "classes": {"": {"executed_lines": [1, 2, 3, 5, 6, 9, 10, 11, 12, 13, 14, 15, 16, 19, 20, 21, 22, 23, 24, 27, 28], "summary": {"covered_lines": 21, "num_statements": 21, "percent_covered": 100.0, "percent_covered_display": "100", "missing_lines": 0, "excluded_lines": 0, "percent_statements_covered": 100.0, "percent_statements_covered_display": "100"}, "missing_lines": [], "excluded_lines": [], "start_line": 1}}}, "api/main.py": {"executed_lines": [1, 2, 3, 4, 5, 6, 7, 8, 9, 11, 12, 13, 15, 18, 27, 28, 29, 32, 33, 34, 37, 38, 39, 42, 43, 44, 45, 46, 47, 48, 49, 51, 54, 55, 56, 57, 58, 59, 62, 64, 66, 69, 70, 71, 72, 73, 75, 78, 80, 82, 84, 85, 86, 87, 89, 92, 93, 98, 102, 103, 104, 105, 106, 110, 111, 113, 114, 119, 120, 121, 123, 124, 125, 134, 137, 140, 141, 142, 143, 145, 146, 149, 150, 151, 160, 161, 164, 168, 169, 171, 172, 173, 179, 180, 181, 182, 183, 184, 185, 188, 189, 190, 191, 192, 194, 199, 201, 203, 204, 205, 206, 209, 211, 214, 216, 219, 222, 223, 224, 225, 228, 233, 234, 237, 242, 245], "summary": {"covered_lines": 126, "num_statements": 149, "percent_covered": 84.56375838926175, "percent_covered_display": "85", "missing_lines": 23, "excluded_lines": 0, "percent_statements_covered": 84.56375838926175, "percent_statements_covered_display": "85"}, "missing_lines": [61, 63, 83, 90, 94, 95, 115, 116, 135, 152, 154, 155, 156, 157, 158, 165, 174, 175, 176, 195, 196, 197, 235], "excluded_lines": [], "functions": {"health": {"executed_lines": [39], "summary": {"covered_lines": 1, "num_statements": 1, "percent_covered": 100.0, "percent_covered_display": "100", "missing_lines": 0, "excluded_lines": 0, "percent_statements_covered": 100.0, "percent_statements_covered_display": "100"}, "missing_lines": [], "excluded_lines": [], "start_line": 38}, "login_route": {"executed_lines": [44, 45, 46, 47, 48, 49, 51], "summary": {"covered_lines": 7, "num_statements": 7, "percent_covered": 100.0, "percent_covered_display": "100", "missing_lines": 0, "excluded_lines": 0, "percent_statements_covered": 100.0, "percent_statements_covered_display": "100"}, "missing_lines": [], "excluded_lines": [], "start_line": 43}, "vote_route": {"executed_lines": [56, 57, 58, 59, 62, 64, 66], "summary": {"covered_lines": 7, "num_statements": 9, "percent_covered": 77.77777777777777, "percent_covered_display": "78", "missing_lines": 2, "excluded_lines": 0, "percent_statements_covered": 77.77777777777777, "percent_statements_covered_display": "78"}, "missing_lines": [61, 63], "excluded_lines": [], "start_line": 55}, "fetch_article_text": {"executed_lines": [82, 84, 85, 92, 93], "summary": {"covered_lines": 5, "num_statements": 8, "percent_covered": 62.5, "percent_covered_display": "62", "missing_lines": 3, "excluded_lines": 0, "percent_statements_covered": 62.5, "percent_statements_covered_display": "62"}, "missing_lines": [83, 94, 95], "excluded_lines": [], "start_line": 80}, "fetch_article_text._download_and_extract": {"executed_lines": [86, 87, 89], "summary": {"covered_lines": 3, "num_statements": 4, "percent_covered": 75.0, "percent_covered_display": "75", "missing_lines": 1, "excluded_lines": 0, "percent_statements_covered": 75.0, "percent_statements_covered_display": "75"}, "missing_lines": [90], "excluded_lines": [], "start_line": 85}, "fetch_story_with_comments": {"executed_lines": [102, 103, 104, 105, 106, 110, 111, 113, 114, 119, 120, 121, 123, 124, 125, 134, 137, 140, 141, 142, 143, 145, 146, 149, 150, 160, 161, 164, 168, 169, 171, 172, 173], "summary": {"covered_lines": 33, "num_statements": 40, "percent_covered": 82.5, "percent_covered_display": "82", "missing_lines": 7, "excluded_lines": 0, "percent_statements_covered": 82.5, "percent_statements_covered_display": "82"}, "missing_lines": [115, 116, 135, 165, 174, 175, 176], "excluded_lines": [], "start_line": 98}, "fetch_story_with_comments.collect": {"executed_lines": [151], "summary": {"covered_lines": 1, "num_statements": 7, "percent_covered": 14.285714285714286, "percent_covered_display": "14", "missing_lines": 6, "excluded_lines": 0, "percent_statements_covered": 14.285714285714286, "percent_statements_covered_display": "14"}, "missing_lines": [152, 154, 155, 156, 157, 158], "excluded_lines": [], "start_line": 150}, "get_top_stories": {"executed_lines": [180, 181, 182, 183, 184, 185], "summary": {"covered_lines": 6, "num_statements": 6, "percent_covered": 100.0, "percent_covered_display": "100", "missing_lines": 0, "excluded_lines": 0, "percent_statements_covered": 100.0, "percent_statements_covered_display": "100"}, "missing_lines": [], "excluded_lines": [], "start_line": 179}, "get_user_data": {"executed_lines": [189, 190, 191, 192, 194, 199, 201, 203, 211, 214, 216], "summary": {"covered_lines": 11, "num_statements": 14, "percent_covered": 78.57142857142857, "percent_covered_display": "79", "missing_lines": 3, "excluded_lines": 0, "percent_statements_covered": 78.57142857142857, "percent_statements_covered_display": "79"}, "missing_lines": [195, 196, 197], "excluded_lines": [], "start_line": 188}, "get_user_data.fetch_batch": {"executed_lines": [204, 205, 206, 209], "summary": {"covered_lines": 4, "num_statements": 4, "percent_covered": 100.0, "percent_covered_display": "100", "missing_lines": 0, "excluded_lines": 0, "percent_statements_covered": 100.0, "percent_statements_covered_display": "100"}, "missing_lines": [], "excluded_lines": [], "start_line": 203}, "get_best_stories": {"executed_lines": [222, 223, 224, 225, 228, 233, 234, 237, 242, 245], "summary": {"covered_lines": 10, "num_statements": 11, "percent_covered": 90.9090909090909, "percent_covered_display": "91", "missing_lines": 1, "excluded_lines": 0, "percent_statements_covered": 90.9090909090909, "percent_statements_covered_display": "91"}, "missing_lines": [235], "excluded_lines": [], "start_line": 219}, "": {"executed_lines": [1, 2, 3, 4, 5, 6, 7, 8, 9, 11, 12, 13, 15, 18, 27, 28, 29, 32, 33, 34, 37, 38, 42, 43, 54, 55, 69, 70, 71, 72, 73, 75, 78, 80, 98, 179, 188, 219], "summary": {"covered_lines": 38, "num_statements": 38, "percent_covered": 100.0, "percent_covered_display": "100", "missing_lines": 0, "excluded_lines": 0, "percent_statements_covered": 100.0, "percent_statements_covered_display": "100"}, "missing_lines": [], "excluded_lines": [], "start_line": 1}}, "classes": {"LoginRequest": {"executed_lines": [], "summary": {"covered_lines": 0, "num_statements": 0, "percent_covered": 100.0, "percent_covered_display": "100", "missing_lines": 0, "excluded_lines": 0, "percent_statements_covered": 100.0, "percent_statements_covered_display": "100"}, "missing_lines": [], "excluded_lines": [], "start_line": 27}, "VoteRequest": {"executed_lines": [], "summary": {"covered_lines": 0, "num_statements": 0, "percent_covered": 100.0, "percent_covered_display": "100", "missing_lines": 0, "excluded_lines": 0, "percent_statements_covered": 100.0, "percent_statements_covered_display": "100"}, "missing_lines": [], "excluded_lines": [], "start_line": 32}, "": {"executed_lines": [1, 2, 3, 4, 5, 6, 7, 8, 9, 11, 12, 13, 15, 18, 27, 28, 29, 32, 33, 34, 37, 38, 39, 42, 43, 44, 45, 46, 47, 48, 49, 51, 54, 55, 56, 57, 58, 59, 62, 64, 66, 69, 70, 71, 72, 73, 75, 78, 80, 82, 84, 85, 86, 87, 89, 92, 93, 98, 102, 103, 104, 105, 106, 110, 111, 113, 114, 119, 120, 121, 123, 124, 125, 134, 137, 140, 141, 142, 143, 145, 146, 149, 150, 151, 160, 161, 164, 168, 169, 171, 172, 173, 179, 180, 181, 182, 183, 184, 185, 188, 189, 190, 191, 192, 194, 199, 201, 203, 204, 205, 206, 209, 211, 214, 216, 219, 222, 223, 224, 225, 228, 233, 234, 237, 242, 245], "summary": {"covered_lines": 126, "num_statements": 149, "percent_covered": 84.56375838926175, "percent_covered_display": "85", "missing_lines": 23, "excluded_lines": 0, "percent_statements_covered": 84.56375838926175, "percent_statements_covered_display": "85"}, "missing_lines": [61, 63, 83, 90, 94, 95, 115, 116, 135, 152, 154, 155, 156, 157, 158, 165, 174, 175, 176, 195, 196, 197, 235], "excluded_lines": [], "start_line": 1}}}, "api/rerank.py": {"executed_lines": [1, 2, 3, 4, 5, 6, 7, 10, 12, 13, 16, 17, 19, 35, 39, 41, 84, 86, 87, 88, 91, 92, 93, 94, 97, 98, 99, 100, 103, 104, 107, 109, 111, 115, 117, 119, 121, 122, 124, 125, 126, 127, 128, 133, 134, 136, 137, 138, 140, 141, 142, 143, 144, 146, 149, 155, 156, 191, 207, 210, 212, 213, 214, 215, 216, 217, 218, 219, 220, 223, 230, 231, 232, 233, 234, 235, 236, 237, 238, 239, 240, 241, 243, 244, 245, 249, 250, 251, 252, 253, 254, 255, 262, 265, 268, 274, 276, 277, 278, 282, 284, 285, 290, 291, 292, 293, 294, 295, 298, 303, 308, 309, 312, 313, 315, 318, 332, 336, 340, 344, 345, 347, 348, 350, 356, 357, 359, 361, 367, 369, 371, 372, 374, 375, 379, 380, 382, 385, 386, 389, 392, 394, 396, 398, 399, 400, 402, 403, 404, 406, 407, 409, 410, 411, 412, 414, 416, 417, 418, 420, 421, 428, 433, 434, 435, 445, 447, 448, 450], "summary": {"covered_lines": 169, "num_statements": 254, "percent_covered": 66.53543307086615, "percent_covered_display": "67", "missing_lines": 85, "excluded_lines": 0, "percent_statements_covered": 66.53543307086615, "percent_statements_covered_display": "67"}, "missing_lines": [20, 21, 22, 23, 26, 27, 28, 30, 31, 32, 33, 42, 44, 45, 47, 56, 57, 61, 62, 65, 66, 68, 69, 71, 73, 74, 75, 79, 81, 105, 112, 129, 130, 131, 160, 164, 165, 167, 168, 170, 171, 172, 174, 176, 177, 178, 179, 181, 182, 184, 185, 186, 188, 194, 195, 197, 198, 199, 201, 202, 204, 211, 242, 246, 247, 248, 264, 275, 279, 283, 286, 304, 306, 310, 333, 337, 338, 341, 352, 353, 354, 362, 363, 364, 430], "excluded_lines": [], "functions": {"ONNXEmbeddingModel.__init__": {"executed_lines": [19, 35, 39], "summary": {"covered_lines": 3, "num_statements": 14, "percent_covered": 21.428571428571427, "percent_covered_display": "21", "missing_lines": 11, "excluded_lines": 0, "percent_statements_covered": 21.428571428571427, "percent_statements_covered_display": "21"}, "missing_lines": [20, 21, 22, 23, 26, 27, 28, 30, 31, 32, 33], "excluded_lines": [], "start_line": 17}, "ONNXEmbeddingModel.encode": {"executed_lines": [], "summary": {"covered_lines": 0, "num_statements": 18, "percent_covered": 0.0, "percent_covered_display": "0", "missing_lines": 18, "excluded_lines": 0, "percent_statements_covered": 0.0, "percent_statements_covered_display": "0"}, "missing_lines": [42, 44, 45, 47, 56, 57, 61, 62, 65, 66, 68, 69, 71, 73, 74, 75, 79, 81], "excluded_lines": [], "start_line": 41}, "init_model": {"executed_lines": [86, 87, 88], "summary": {"covered_lines": 3, "num_statements": 3, "percent_covered": 100.0, "percent_covered_display": "100", "missing_lines": 0, "excluded_lines": 0, "percent_statements_covered": 100.0, "percent_statements_covered_display": "100"}, "missing_lines": [], "excluded_lines": [], "start_line": 84}, "get_model": {"executed_lines": [92, 93, 94], "summary": {"covered_lines": 3, "num_statements": 3, "percent_covered": 100.0, "percent_covered_display": "100", "missing_lines": 0, "excluded_lines": 0, "percent_statements_covered": 100.0, "percent_statements_covered_display": "100"}, "missing_lines": [], "excluded_lines": [], "start_line": 91}, "get_cache_key": {"executed_lines": [98, 99, 100], "summary": {"covered_lines": 3, "num_statements": 3, "percent_covered": 100.0, "percent_covered_display": "100", "missing_lines": 0, "excluded_lines": 0, "percent_statements_covered": 100.0, "percent_statements_covered_display": "100"}, "missing_lines": [], "excluded_lines": [], "start_line": 97}, "get_embeddings": {"executed_lines": [104, 107, 109, 111, 115, 117, 119, 121, 122, 124, 125, 126, 127, 128, 133, 134, 136, 137, 138, 140, 141, 142, 143, 144, 146], "summary": {"covered_lines": 25, "num_statements": 30, "percent_covered": 83.33333333333333, "percent_covered_display": "83", "missing_lines": 5, "excluded_lines": 0, "percent_statements_covered": 83.33333333333333, "percent_statements_covered_display": "83"}, "missing_lines": [105, 112, 129, 130, 131], "excluded_lines": [], "start_line": 103}, "cluster_and_reduce_auto": {"executed_lines": [155, 156], "summary": {"covered_lines": 2, "num_statements": 21, "percent_covered": 9.523809523809524, "percent_covered_display": "10", "missing_lines": 19, "excluded_lines": 0, "percent_statements_covered": 9.523809523809524, "percent_statements_covered_display": "10"}, "missing_lines": [160, 164, 165, 167, 168, 170, 171, 172, 174, 176, 177, 178, 179, 181, 182, 184, 185, 186, 188], "excluded_lines": [], "start_line": 149}, "cluster_and_reduce": {"executed_lines": [], "summary": {"covered_lines": 0, "num_statements": 8, "percent_covered": 0.0, "percent_covered_display": "0", "missing_lines": 8, "excluded_lines": 0, "percent_statements_covered": 0.0, "percent_statements_covered_display": "0"}, "missing_lines": [194, 195, 197, 198, 199, 201, 202, 204], "excluded_lines": [], "start_line": 191}, "rank_embeddings_maxsim": {"executed_lines": [210, 212, 213, 214, 215, 216, 217, 218, 219, 220], "summary": {"covered_lines": 10, "num_statements": 11, "percent_covered": 90.9090909090909, "percent_covered_display": "91", "missing_lines": 1, "excluded_lines": 0, "percent_statements_covered": 90.9090909090909, "percent_statements_covered_display": "91"}, "missing_lines": [211], "excluded_lines": [], "start_line": 207}, "rank_mmr": {"executed_lines": [230, 231, 232, 233, 234, 235, 236, 237, 238, 239, 240, 241, 243, 244, 245, 249, 250, 251, 252, 253, 254, 255, 262, 265], "summary": {"covered_lines": 24, "num_statements": 29, "percent_covered": 82.75862068965517, "percent_covered_display": "83", "missing_lines": 5, "excluded_lines": 0, "percent_statements_covered": 82.75862068965517, "percent_statements_covered_display": "83"}, "missing_lines": [242, 246, 247, 248, 264], "excluded_lines": [], "start_line": 223}, "rank_candidates": {"executed_lines": [274, 276, 277, 278, 282, 284, 285, 290, 291, 292, 293, 294, 295], "summary": {"covered_lines": 13, "num_statements": 17, "percent_covered": 76.47058823529412, "percent_covered_display": "76", "missing_lines": 4, "excluded_lines": 0, "percent_statements_covered": 76.47058823529412, "percent_statements_covered_display": "76"}, "missing_lines": [275, 279, 283, 286], "excluded_lines": [], "start_line": 268}, "calculate_hn_score": {"executed_lines": [303, 308, 309, 312, 313, 315], "summary": {"covered_lines": 6, "num_statements": 9, "percent_covered": 66.66666666666667, "percent_covered_display": "67", "missing_lines": 3, "excluded_lines": 0, "percent_statements_covered": 66.66666666666667, "percent_statements_covered_display": "67"}, "missing_lines": [304, 306, 310], "excluded_lines": [], "start_line": 298}, "rank_stories": {"executed_lines": [332, 336, 340, 344, 345, 347, 348, 350, 356, 357, 359, 361, 367, 369, 371, 372, 374, 375, 379, 380, 382, 385, 386, 389, 392, 394, 396, 398, 399, 400, 402, 403, 404, 406, 407, 409, 410, 411, 412, 414, 416, 417, 418, 420, 421, 428, 433, 434, 435, 445, 447, 448, 450], "summary": {"covered_lines": 53, "num_statements": 64, "percent_covered": 82.8125, "percent_covered_display": "83", "missing_lines": 11, "excluded_lines": 0, "percent_statements_covered": 82.8125, "percent_statements_covered_display": "83"}, "missing_lines": [333, 337, 338, 341, 352, 353, 354, 362, 363, 364, 430], "excluded_lines": [], "start_line": 318}, "": {"executed_lines": [1, 2, 3, 4, 5, 6, 7, 10, 12, 13, 16, 17, 41, 84, 91, 97, 103, 149, 191, 207, 223, 268, 298, 318], "summary": {"covered_lines": 24, "num_statements": 24, "percent_covered": 100.0, "percent_covered_display": "100", "missing_lines": 0, "excluded_lines": 0, "percent_statements_covered": 100.0, "percent_statements_covered_display": "100"}, "missing_lines": [], "excluded_lines": [], "start_line": 1}}, "classes": {"ONNXEmbeddingModel": {"executed_lines": [19, 35, 39], "summary": {"covered_lines": 3, "num_statements": 32, "percent_covered": 9.375, "percent_covered_display": "9", "missing_lines": 29, "excluded_lines": 0, "percent_statements_covered": 9.375, "percent_statements_covered_display": "9"}, "missing_lines": [20, 21, 22, 23, 26, 27, 28, 30, 31, 32, 33, 42, 44, 45, 47, 56, 57, 61, 62, 65, 66, 68, 69, 71, 73, 74, 75, 79, 81], "excluded_lines": [], "start_line": 16}, "": {"executed_lines": [1, 2, 3, 4, 5, 6, 7, 10, 12, 13, 16, 17, 41, 84, 86, 87, 88, 91, 92, 93, 94, 97, 98, 99, 100, 103, 104, 107, 109, 111, 115, 117, 119, 121, 122, 124, 125, 126, 127, 128, 133, 134, 136, 137, 138, 140, 141, 142, 143, 144, 146, 149, 155, 156, 191, 207, 210, 212, 213, 214, 215, 216, 217, 218, 219, 220, 223, 230, 231, 232, 233, 234, 235, 236, 237, 238, 239, 240, 241, 243, 244, 245, 249, 250, 251, 252, 253, 254, 255, 262, 265, 268, 274, 276, 277, 278, 282, 284, 285, 290, 291, 292, 293, 294, 295, 298, 303, 308, 309, 312, 313, 315, 318, 332, 336, 340, 344, 345, 347, 348, 350, 356, 357, 359, 361, 367, 369, 371, 372, 374, 375, 379, 380, 382, 385, 386, 389, 392, 394, 396, 398, 399, 400, 402, 403, 404, 406, 407, 409, 410, 411, 412, 414, 416, 417, 418, 420, 421, 428, 433, 434, 435, 445, 447, 448, 450], "summary": {"covered_lines": 166, "num_statements": 222, "percent_covered": 74.77477477477477, "percent_covered_display": "75", "missing_lines": 56, "excluded_lines": 0, "percent_statements_covered": 74.77477477477477, "percent_statements_covered_display": "75"}, "missing_lines": [105, 112, 129, 130, 131, 160, 164, 165, 167, 168, 170, 171, 172, 174, 176, 177, 178, 179, 181, 182, 184, 185, 186, 188, 194, 195, 197, 198, 199, 201, 202, 204, 211, 242, 246, 247, 248, 264, 275, 279, 283, 286, 304, 306, 310, 333, 337, 338, 341, 352, 353, 354, 362, 363, 364, 430], "excluded_lines": [], "start_line": 1}}}, "cli.py": {"executed_lines": [1, 2, 3, 4, 5, 6, 7, 15, 16, 17, 19, 22, 37, 38, 40, 48, 49, 52, 54, 56, 59, 68, 71, 75, 77, 78, 84, 85, 86, 88, 89, 90, 93, 94, 96, 101, 102, 103, 105, 107, 108, 110, 111, 112, 113, 116, 120, 122, 127, 128, 129, 131, 137, 141, 147, 151, 156, 157, 159, 160, 161, 162, 163, 164, 165, 170, 172, 173, 175, 188, 192, 194, 195, 197, 199, 206, 207, 208, 209, 211, 212, 214, 218, 220, 223, 224, 226, 229], "summary": {"covered_lines": 88, "num_statements": 147, "percent_covered": 59.863945578231295, "percent_covered_display": "60", "missing_lines": 59, "excluded_lines": 0, "percent_statements_covered": 59.863945578231295, "percent_statements_covered_display": "60"}, "missing_lines": [24, 25, 27, 28, 29, 30, 31, 32, 33, 34, 41, 44, 45, 79, 123, 124, 132, 166, 167, 168, 185, 196, 219, 230, 231, 234, 240, 246, 252, 255, 261, 267, 273, 276, 280, 282, 283, 284, 286, 287, 289, 290, 291, 292, 293, 294, 296, 298, 299, 301, 302, 304, 305, 308, 309, 311, 313, 316, 318], "excluded_lines": [], "functions": {"fetch_story_texts": {"executed_lines": [], "summary": {"covered_lines": 0, "num_statements": 10, "percent_covered": 0.0, "percent_covered_display": "0", "missing_lines": 10, "excluded_lines": 0, "percent_statements_covered": 0.0, "percent_statements_covered_display": "0"}, "missing_lines": [24, 25, 27, 28, 29, 30, 31, 32, 33, 34], "excluded_lines": [], "start_line": 22}, "main": {"executed_lines": [38, 40, 48, 49, 52, 54, 56, 59, 68, 71, 75, 110, 116, 120, 122, 127, 128, 129, 131, 137, 141, 147, 151, 156, 157, 159, 160, 161, 162, 163, 164, 165, 170, 172, 173, 175, 188, 192, 194, 195, 197, 199, 206, 207, 208, 209, 211, 212, 214, 218, 220, 223, 224, 226], "summary": {"covered_lines": 54, "num_statements": 66, "percent_covered": 81.81818181818181, "percent_covered_display": "82", "missing_lines": 12, "excluded_lines": 0, "percent_statements_covered": 81.81818181818181, "percent_statements_covered_display": "82"}, "missing_lines": [41, 44, 45, 123, 124, 132, 166, 167, 168, 185, 196, 219], "excluded_lines": [], "start_line": 37}, "main.run_scraping": {"executed_lines": [77, 78, 84, 85, 86, 88, 89, 90, 93, 94, 96, 101, 102, 103, 105, 107, 108], "summary": {"covered_lines": 17, "num_statements": 18, "percent_covered": 94.44444444444444, "percent_covered_display": "94", "missing_lines": 1, "excluded_lines": 0, "percent_statements_covered": 94.44444444444444, "percent_statements_covered_display": "94"}, "missing_lines": [79], "excluded_lines": [], "start_line": 75}, "main.run_fetching": {"executed_lines": [111, 112, 113], "summary": {"covered_lines": 3, "num_statements": 3, "percent_covered": 100.0, "percent_covered_display": "100", "missing_lines": 0, "excluded_lines": 0, "percent_statements_covered": 100.0, "percent_statements_covered_display": "100"}, "missing_lines": [], "excluded_lines": [], "start_line": 110}, "run_login": {"executed_lines": [], "summary": {"covered_lines": 0, "num_statements": 8, "percent_covered": 0.0, "percent_covered_display": "0", "missing_lines": 8, "excluded_lines": 0, "percent_statements_covered": 0.0, "percent_statements_covered_display": "0"}, "missing_lines": [290, 291, 292, 293, 294, 296, 298, 299], "excluded_lines": [], "start_line": 289}, "": {"executed_lines": [1, 2, 3, 4, 5, 6, 7, 15, 16, 17, 19, 22, 37, 229], "summary": {"covered_lines": 14, "num_statements": 42, "percent_covered": 33.333333333333336, "percent_covered_display": "33", "missing_lines": 28, "excluded_lines": 0, "percent_statements_covered": 33.333333333333336, "percent_statements_covered_display": "33"}, "missing_lines": [230, 231, 234, 240, 246, 252, 255, 261, 267, 273, 276, 280, 282, 283, 284, 286, 287, 289, 301, 302, 304, 305, 308, 309, 311, 313, 316, 318], "excluded_lines": [], "start_line": 1}}, "classes": {"": {"executed_lines": [1, 2, 3, 4, 5, 6, 7, 15, 16, 17, 19, 22, 37, 38, 40, 48, 49, 52, 54, 56, 59, 68, 71, 75, 77, 78, 84, 85, 86, 88, 89, 90, 93, 94, 96, 101, 102, 103, 105, 107, 108, 110, 111, 112, 113, 116, 120, 122, 127, 128, 129, 131, 137, 141, 147, 151, 156, 157, 159, 160, 161, 162, 163, 164, 165, 170, 172, 173, 175, 188, 192, 194, 195, 197, 199, 206, 207, 208, 209, 211, 212, 214, 218, 220, 223, 224, 226, 229], "summary": {"covered_lines": 88, "num_statements": 147, "percent_covered": 59.863945578231295, "percent_covered_display": "60", "missing_lines": 59, "excluded_lines": 0, "percent_statements_covered": 59.863945578231295, "percent_statements_covered_display": "60"}, "missing_lines": [24, 25, 27, 28, 29, 30, 31, 32, 33, 34, 41, 44, 45, 79, 123, 124, 132, 166, 167, 168, 185, 196, 219, 230, 231, 234, 240, 246, 252, 255, 261, 267, 273, 276, 280, 282, 283, 284, 286, 287, 289, 290, 291, 292, 293, 294, 296, 298, 299, 301, 302, 304, 305, 308, 309, 311, 313, 316, 318], "excluded_lines": [], "start_line": 1}}}, "debug_algolia.py": {"executed_lines": [], "summary": {"covered_lines": 0, "num_statements": 22, "percent_covered": 0.0, "percent_covered_display": "0", "missing_lines": 22, "excluded_lines": 0, "percent_statements_covered": 0.0, "percent_statements_covered_display": "0"}, "missing_lines": [1, 2, 3, 6, 7, 8, 9, 11, 18, 19, 21, 22, 23, 24, 25, 26, 28, 29, 30, 31, 34, 35], "excluded_lines": [], "functions": {"debug_algolia": {"executed_lines": [], "summary": {"covered_lines": 0, "num_statements": 16, "percent_covered": 0.0, "percent_covered_display": "0", "missing_lines": 16, "excluded_lines": 0, "percent_statements_covered": 0.0, "percent_statements_covered_display": "0"}, "missing_lines": [7, 8, 9, 11, 18, 19, 21, 22, 23, 24, 25, 26, 28, 29, 30, 31], "excluded_lines": [], "start_line": 6}, "": {"executed_lines": [], "summary": {"covered_lines": 0, "num_statements": 6, "percent_covered": 0.0, "percent_covered_display": "0", "missing_lines": 6, "excluded_lines": 0, "percent_statements_covered": 0.0, "percent_statements_covered_display": "0"}, "missing_lines": [1, 2, 3, 6, 34, 35], "excluded_lines": [], "start_line": 1}}, "classes": {"": {"executed_lines": [], "summary": {"covered_lines": 0, "num_statements": 22, "percent_covered": 0.0, "percent_covered_display": "0", "missing_lines": 22, "excluded_lines": 0, "percent_statements_covered": 0.0, "percent_statements_covered_display": "0"}, "missing_lines": [1, 2, 3, 6, 7, 8, 9, 11, 18, 19, 21, 22, 23, 24, 25, 26, 28, 29, 30, 31, 34, 35], "excluded_lines": [], "start_line": 1}}}, "debug_data.py": {"executed_lines": [], "summary": {"covered_lines": 0, "num_statements": 19, "percent_covered": 0.0, "percent_covered_display": "0", "missing_lines": 19, "excluded_lines": 0, "percent_statements_covered": 0.0, "percent_statements_covered_display": "0"}, "missing_lines": [1, 2, 3, 5, 6, 7, 8, 9, 10, 12, 13, 14, 16, 17, 19, 21, 22, 24, 25], "excluded_lines": [], "functions": {"debug": {"executed_lines": [], "summary": {"covered_lines": 0, "num_statements": 13, "percent_covered": 0.0, "percent_covered_display": "0", "missing_lines": 13, "excluded_lines": 0, "percent_statements_covered": 0.0, "percent_statements_covered_display": "0"}, "missing_lines": [6, 7, 8, 9, 10, 12, 13, 14, 16, 17, 19, 21, 22], "excluded_lines": [], "start_line": 5}, "": {"executed_lines": [], "summary": {"covered_lines": 0, "num_statements": 6, "percent_covered": 0.0, "percent_covered_display": "0", "missing_lines": 6, "excluded_lines": 0, "percent_statements_covered": 0.0, "percent_statements_covered_display": "0"}, "missing_lines": [1, 2, 3, 5, 24, 25], "excluded_lines": [], "start_line": 1}}, "classes": {"": {"executed_lines": [], "summary": {"covered_lines": 0, "num_statements": 19, "percent_covered": 0.0, "percent_covered_display": "0", "missing_lines": 19, "excluded_lines": 0, "percent_statements_covered": 0.0, "percent_statements_covered_display": "0"}, "missing_lines": [1, 2, 3, 5, 6, 7, 8, 9, 10, 12, 13, 14, 16, 17, 19, 21, 22, 24, 25], "excluded_lines": [], "start_line": 1}}}, "export_onnx.py": {"executed_lines": [], "summary": {"covered_lines": 0, "num_statements": 13, "percent_covered": 0.0, "percent_covered_display": "0", "missing_lines": 13, "excluded_lines": 0, "percent_statements_covered": 0.0, "percent_statements_covered_display": "0"}, "missing_lines": [1, 2, 4, 5, 8, 9, 10, 11, 13, 14, 22, 25, 26], "excluded_lines": [], "functions": {"export": {"executed_lines": [], "summary": {"covered_lines": 0, "num_statements": 6, "percent_covered": 0.0, "percent_covered_display": "0", "missing_lines": 6, "excluded_lines": 0, "percent_statements_covered": 0.0, "percent_statements_covered_display": "0"}, "missing_lines": [9, 10, 11, 13, 14, 22], "excluded_lines": [], "start_line": 8}, "": {"executed_lines": [], "summary": {"covered_lines": 0, "num_statements": 7, "percent_covered": 0.0, "percent_covered_display": "0", "missing_lines": 7, "excluded_lines": 0, "percent_statements_covered": 0.0, "percent_statements_covered_display": "0"}, "missing_lines": [1, 2, 4, 5, 8, 25, 26], "excluded_lines": [], "start_line": 1}}, "classes": {"": {"executed_lines": [], "summary": {"covered_lines": 0, "num_statements": 13, "percent_covered": 0.0, "percent_covered_display": "0", "missing_lines": 13, "excluded_lines": 0, "percent_statements_covered": 0.0, "percent_statements_covered_display": "0"}, "missing_lines": [1, 2, 4, 5, 8, 9, 10, 11, 13, 14, 22, 25, 26], "excluded_lines": [], "start_line": 1}}}, "main.py": {"executed_lines": [], "summary": {"covered_lines": 0, "num_statements": 4, "percent_covered": 0.0, "percent_covered_display": "0", "missing_lines": 4, "excluded_lines": 0, "percent_statements_covered": 0.0, "percent_statements_covered_display": "0"}, "missing_lines": [1, 2, 5, 6], "excluded_lines": [], "functions": {"main": {"executed_lines": [], "summary": {"covered_lines": 0, "num_statements": 1, "percent_covered": 0.0, "percent_covered_display": "0", "missing_lines": 1, "excluded_lines": 0, "percent_statements_covered": 0.0, "percent_statements_covered_display": "0"}, "missing_lines": [2], "excluded_lines": [], "start_line": 1}, "": {"executed_lines": [], "summary": {"covered_lines": 0, "num_statements": 3, "percent_covered": 0.0, "percent_covered_display": "0", "missing_lines": 3, "excluded_lines": 0, "percent_statements_covered": 0.0, "percent_statements_covered_display": "0"}, "missing_lines": [1, 5, 6], "excluded_lines": [], "start_line": 1}}, "classes": {"": {"executed_lines": [], "summary": {"covered_lines": 0, "num_statements": 4, "percent_covered": 0.0, "percent_covered_display": "0", "missing_lines": 4, "excluded_lines": 0, "percent_statements_covered": 0.0, "percent_statements_covered_display": "0"}, "missing_lines": [1, 2, 5, 6], "excluded_lines": [], "start_line": 1}}}, "quantize_onnx.py": {"executed_lines": [], "summary": {"covered_lines": 0, "num_statements": 16, "percent_covered": 0.0, "percent_covered_display": "0", "missing_lines": 16, "excluded_lines": 0, "percent_statements_covered": 0.0, "percent_statements_covered_display": "0"}, "missing_lines": [1, 2, 3, 6, 7, 8, 10, 11, 12, 14, 15, 20, 23, 24, 26, 28], "excluded_lines": [], "functions": {"quantize": {"executed_lines": [], "summary": {"covered_lines": 0, "num_statements": 8, "percent_covered": 0.0, "percent_covered_display": "0", "missing_lines": 8, "excluded_lines": 0, "percent_statements_covered": 0.0, "percent_statements_covered_display": "0"}, "missing_lines": [7, 8, 10, 11, 12, 14, 15, 20], "excluded_lines": [], "start_line": 6}, "": {"executed_lines": [], "summary": {"covered_lines": 0, "num_statements": 8, "percent_covered": 0.0, "percent_covered_display": "0", "missing_lines": 8, "excluded_lines": 0, "percent_statements_covered": 0.0, "percent_statements_covered_display": "0"}, "missing_lines": [1, 2, 3, 6, 23, 24, 26, 28], "excluded_lines": [], "start_line": 1}}, "classes": {"": {"executed_lines": [], "summary": {"covered_lines": 0, "num_statements": 16, "percent_covered": 0.0, "percent_covered_display": "0", "missing_lines": 16, "excluded_lines": 0, "percent_statements_covered": 0.0, "percent_statements_covered_display": "0"}, "missing_lines": [1, 2, 3, 6, 7, 8, 10, 11, 12, 14, 15, 20, 23, 24, 26, 28], "excluded_lines": [], "start_line": 1}}}, "reproduce_error.py": {"executed_lines": [], "summary": {"covered_lines": 0, "num_statements": 26, "percent_covered": 0.0, "percent_covered_display": "0", "missing_lines": 26, "excluded_lines": 0, "percent_statements_covered": 0.0, "percent_statements_covered_display": "0"}, "missing_lines": [1, 2, 4, 5, 7, 8, 10, 11, 13, 14, 16, 17, 19, 20, 21, 23, 24, 26, 27, 29, 30, 31, 32, 33, 34, 35], "excluded_lines": [], "functions": {"test": {"executed_lines": [], "summary": {"covered_lines": 0, "num_statements": 16, "percent_covered": 0.0, "percent_covered_display": "0", "missing_lines": 16, "excluded_lines": 0, "percent_statements_covered": 0.0, "percent_statements_covered_display": "0"}, "missing_lines": [5, 7, 8, 10, 11, 13, 14, 16, 17, 19, 20, 21, 23, 24, 26, 27], "excluded_lines": [], "start_line": 4}, "": {"executed_lines": [], "summary": {"covered_lines": 0, "num_statements": 10, "percent_covered": 0.0, "percent_covered_display": "0", "missing_lines": 10, "excluded_lines": 0, "percent_statements_covered": 0.0, "percent_statements_covered_display": "0"}, "missing_lines": [1, 2, 4, 29, 30, 31, 32, 33, 34, 35], "excluded_lines": [], "start_line": 1}}, "classes": {"": {"executed_lines": [], "summary": {"covered_lines": 0, "num_statements": 26, "percent_covered": 0.0, "percent_covered_display": "0", "missing_lines": 26, "excluded_lines": 0, "percent_statements_covered": 0.0, "percent_statements_covered_display": "0"}, "missing_lines": [1, 2, 4, 5, 7, 8, 10, 11, 13, 14, 16, 17, 19, 20, 21, 23, 24, 26, 27, 29, 30, 31, 32, 33, 34, 35], "excluded_lines": [], "start_line": 1}}}, "setup_model.py": {"executed_lines": [], "summary": {"covered_lines": 0, "num_statements": 26, "percent_covered": 0.0, "percent_covered_display": "0", "missing_lines": 26, "excluded_lines": 0, "percent_statements_covered": 0.0, "percent_statements_covered_display": "0"}, "missing_lines": [1, 2, 3, 4, 6, 7, 8, 10, 11, 12, 14, 17, 18, 19, 20, 21, 22, 25, 26, 27, 28, 29, 30, 32, 34, 35], "excluded_lines": [], "functions": {"setup": {"executed_lines": [], "summary": {"covered_lines": 0, "num_statements": 19, "percent_covered": 0.0, "percent_covered_display": "0", "missing_lines": 19, "excluded_lines": 0, "percent_statements_covered": 0.0, "percent_statements_covered_display": "0"}, "missing_lines": [7, 8, 10, 11, 12, 14, 17, 18, 19, 20, 21, 22, 25, 26, 27, 28, 29, 30, 32], "excluded_lines": [], "start_line": 6}, "": {"executed_lines": [], "summary": {"covered_lines": 0, "num_statements": 7, "percent_covered": 0.0, "percent_covered_display": "0", "missing_lines": 7, "excluded_lines": 0, "percent_statements_covered": 0.0, "percent_statements_covered_display": "0"}, "missing_lines": [1, 2, 3, 4, 6, 34, 35], "excluded_lines": [], "start_line": 1}}, "classes": {"": {"executed_lines": [], "summary": {"covered_lines": 0, "num_statements": 26, "percent_covered": 0.0, "percent_covered_display": "0", "missing_lines": 26, "excluded_lines": 0, "percent_statements_covered": 0.0, "percent_statements_covered_display": "0"}, "missing_lines": [1, 2, 3, 4, 6, 7, 8, 10, 11, 12, 14, 17, 18, 19, 20, 21, 22, 25, 26, 27, 28, 29, 30, 32, 34, 35], "excluded_lines": [], "start_line": 1}}}, "test_init.py": {"executed_lines": [1, 2, 4, 5, 6, 7, 8, 9, 11, 12, 13, 14], "summary": {"covered_lines": 12, "num_statements": 15, "percent_covered": 80.0, "percent_covered_display": "80", "missing_lines": 3, "excluded_lines": 0, "percent_statements_covered": 80.0, "percent_statements_covered_display": "80"}, "missing_lines": [15, 16, 17], "excluded_lines": [], "functions": {"": {"executed_lines": [1, 2, 4, 5, 6, 7, 8, 9, 11, 12, 13, 14], "summary": {"covered_lines": 12, "num_statements": 15, "percent_covered": 80.0, "percent_covered_display": "80", "missing_lines": 3, "excluded_lines": 0, "percent_statements_covered": 80.0, "percent_statements_covered_display": "80"}, "missing_lines": [15, 16, 17], "excluded_lines": [], "start_line": 1}}, "classes": {"": {"executed_lines": [1, 2, 4, 5, 6, 7, 8, 9, 11, 12, 13, 14], "summary": {"covered_lines": 12, "num_statements": 15, "percent_covered": 80.0, "percent_covered_display": "80", "missing_lines": 3, "excluded_lines": 0, "percent_statements_covered": 80.0, "percent_statements_covered_display": "80"}, "missing_lines": [15, 16, 17], "excluded_lines": [], "start_line": 1}}}, "tests/conftest.py": {"executed_lines": [1, 2, 3, 6, 7, 12, 13, 14, 17, 25, 26], "summary": {"covered_lines": 11, "num_statements": 12, "percent_covered": 91.66666666666667, "percent_covered_display": "92", "missing_lines": 1, "excluded_lines": 0, "percent_statements_covered": 91.66666666666667, "percent_statements_covered_display": "92"}, "missing_lines": [18], "excluded_lines": [], "functions": {"mock_onnx_model": {"executed_lines": [12, 13, 14, 17, 25, 26], "summary": {"covered_lines": 6, "num_statements": 6, "percent_covered": 100.0, "percent_covered_display": "100", "missing_lines": 0, "excluded_lines": 0, "percent_statements_covered": 100.0, "percent_statements_covered_display": "100"}, "missing_lines": [], "excluded_lines": [], "start_line": 7}, "mock_onnx_model.side_effect": {"executed_lines": [], "summary": {"covered_lines": 0, "num_statements": 1, "percent_covered": 0.0, "percent_covered_display": "0", "missing_lines": 1, "excluded_lines": 0, "percent_statements_covered": 0.0, "percent_statements_covered_display": "0"}, "missing_lines": [18], "excluded_lines": [], "start_line": 17}, "": {"executed_lines": [1, 2, 3, 6, 7], "summary": {"covered_lines": 5, "num_statements": 5, "percent_covered": 100.0, "percent_covered_display": "100", "missing_lines": 0, "excluded_lines": 0, "percent_statements_covered": 100.0, "percent_statements_covered_display": "100"}, "missing_lines": [], "excluded_lines": [], "start_line": 1}}, "classes": {"": {"executed_lines": [1, 2, 3, 6, 7, 12, 13, 14, 17, 25, 26], "summary": {"covered_lines": 11, "num_statements": 12, "percent_covered": 91.66666666666667, "percent_covered_display": "92", "missing_lines": 1, "excluded_lines": 0, "percent_statements_covered": 91.66666666666667, "percent_statements_covered_display": "92"}, "missing_lines": [18], "excluded_lines": [], "start_line": 1}}}, "tests/test_algolia.py": {"executed_lines": [1, 2, 3, 4, 7, 8, 13, 16, 17, 18, 24, 26, 27, 28, 30, 31, 34, 37, 38, 39, 41, 42, 43, 47, 48, 49, 51, 56], "summary": {"covered_lines": 28, "num_statements": 28, "percent_covered": 100.0, "percent_covered_display": "100", "missing_lines": 0, "excluded_lines": 0, "percent_statements_covered": 100.0, "percent_statements_covered_display": "100"}, "missing_lines": [], "excluded_lines": [], "functions": {"test_get_best_stories_logic": {"executed_lines": [13, 16, 17, 18, 24, 26, 27, 28, 30, 31, 34, 37, 38, 39, 41, 42, 43, 47, 48, 49, 51, 56], "summary": {"covered_lines": 22, "num_statements": 22, "percent_covered": 100.0, "percent_covered_display": "100", "missing_lines": 0, "excluded_lines": 0, "percent_statements_covered": 100.0, "percent_statements_covered_display": "100"}, "missing_lines": [], "excluded_lines": [], "start_line": 8}, "": {"executed_lines": [1, 2, 3, 4, 7, 8], "summary": {"covered_lines": 6, "num_statements": 6, "percent_covered": 100.0, "percent_covered_display": "100", "missing_lines": 0, "excluded_lines": 0, "percent_statements_covered": 100.0, "percent_statements_covered_display": "100"}, "missing_lines": [], "excluded_lines": [], "start_line": 1}}, "classes": {"": {"executed_lines": [1, 2, 3, 4, 7, 8, 13, 16, 17, 18, 24, 26, 27, 28, 30, 31, 34, 37, 38, 39, 41, 42, 43, 47, 48, 49, 51, 56], "summary": {"covered_lines": 28, "num_statements": 28, "percent_covered": 100.0, "percent_covered_display": "100", "missing_lines": 0, "excluded_lines": 0, "percent_statements_covered": 100.0, "percent_statements_covered_display": "100"}, "missing_lines": [], "excluded_lines": [], "start_line": 1}}}, "tests/test_api.py": {"executed_lines": [1, 2, 3, 5, 7, 8, 9, 10, 12, 13, 14, 15, 16, 18, 19, 20, 22, 23, 24, 25, 26, 28, 29, 31, 32, 33, 34, 35, 36, 37, 39, 40, 41], "summary": {"covered_lines": 33, "num_statements": 33, "percent_covered": 100.0, "percent_covered_display": "100", "missing_lines": 0, "excluded_lines": 0, "percent_statements_covered": 100.0, "percent_statements_covered_display": "100"}, "missing_lines": [], "excluded_lines": [], "functions": {"test_health": {"executed_lines": [8, 9, 10], "summary": {"covered_lines": 3, "num_statements": 3, "percent_covered": 100.0, "percent_covered_display": "100", "missing_lines": 0, "excluded_lines": 0, "percent_statements_covered": 100.0, "percent_statements_covered_display": "100"}, "missing_lines": [], "excluded_lines": [], "start_line": 7}, "test_login_route_success": {"executed_lines": [13, 14, 15, 16, 18, 19, 20], "summary": {"covered_lines": 7, "num_statements": 7, "percent_covered": 100.0, "percent_covered_display": "100", "missing_lines": 0, "excluded_lines": 0, "percent_statements_covered": 100.0, "percent_statements_covered_display": "100"}, "missing_lines": [], "excluded_lines": [], "start_line": 12}, "test_login_route_failure": {"executed_lines": [23, 24, 25, 26, 28, 29], "summary": {"covered_lines": 6, "num_statements": 6, "percent_covered": 100.0, "percent_covered_display": "100", "missing_lines": 0, "excluded_lines": 0, "percent_statements_covered": 100.0, "percent_statements_covered_display": "100"}, "missing_lines": [], "excluded_lines": [], "start_line": 22}, "test_vote_route_success": {"executed_lines": [32, 33, 34, 35, 36, 37, 39, 40, 41], "summary": {"covered_lines": 9, "num_statements": 9, "percent_covered": 100.0, "percent_covered_display": "100", "missing_lines": 0, "excluded_lines": 0, "percent_statements_covered": 100.0, "percent_statements_covered_display": "100"}, "missing_lines": [], "excluded_lines": [], "start_line": 31}, "": {"executed_lines": [1, 2, 3, 5, 7, 12, 22, 31], "summary": {"covered_lines": 8, "num_statements": 8, "percent_covered": 100.0, "percent_covered_display": "100", "missing_lines": 0, "excluded_lines": 0, "percent_statements_covered": 100.0, "percent_statements_covered_display": "100"}, "missing_lines": [], "excluded_lines": [], "start_line": 1}}, "classes": {"": {"executed_lines": [1, 2, 3, 5, 7, 8, 9, 10, 12, 13, 14, 15, 16, 18, 19, 20, 22, 23, 24, 25, 26, 28, 29, 31, 32, 33, 34, 35, 36, 37, 39, 40, 41], "summary": {"covered_lines": 33, "num_statements": 33, "percent_covered": 100.0, "percent_covered_display": "100", "missing_lines": 0, "excluded_lines": 0, "percent_statements_covered": 100.0, "percent_statements_covered_display": "100"}, "missing_lines": [], "excluded_lines": [], "start_line": 1}}}, "tests/test_auth_mock.py": {"executed_lines": [1, 2, 3, 6, 7, 8, 13, 14, 15, 16, 19, 20, 21, 22, 24, 25, 27, 28, 29, 35, 36, 37, 38, 42, 43, 44, 49, 50, 53, 55, 57, 58, 61, 62, 63], "summary": {"covered_lines": 35, "num_statements": 35, "percent_covered": 100.0, "percent_covered_display": "100", "missing_lines": 0, "excluded_lines": 0, "percent_statements_covered": 100.0, "percent_statements_covered_display": "100"}, "missing_lines": [], "excluded_lines": [], "functions": {"test_login_flow": {"executed_lines": [8, 13, 14, 15, 16, 19, 20, 21, 22, 24, 25, 27, 28, 29], "summary": {"covered_lines": 14, "num_statements": 14, "percent_covered": 100.0, "percent_covered_display": "100", "missing_lines": 0, "excluded_lines": 0, "percent_statements_covered": 100.0, "percent_statements_covered_display": "100"}, "missing_lines": [], "excluded_lines": [], "start_line": 7}, "test_vote_flow": {"executed_lines": [37, 38, 42, 43, 44, 49, 50, 53, 55, 57, 58, 61, 62, 63], "summary": {"covered_lines": 14, "num_statements": 14, "percent_covered": 100.0, "percent_covered_display": "100", "missing_lines": 0, "excluded_lines": 0, "percent_statements_covered": 100.0, "percent_statements_covered_display": "100"}, "missing_lines": [], "excluded_lines": [], "start_line": 36}, "": {"executed_lines": [1, 2, 3, 6, 7, 35, 36], "summary": {"covered_lines": 7, "num_statements": 7, "percent_covered": 100.0, "percent_covered_display": "100", "missing_lines": 0, "excluded_lines": 0, "percent_statements_covered": 100.0, "percent_statements_covered_display": "100"}, "missing_lines": [], "excluded_lines": [], "start_line": 1}}, "classes": {"": {"executed_lines": [1, 2, 3, 6, 7, 8, 13, 14, 15, 16, 19, 20, 21, 22, 24, 25, 27, 28, 29, 35, 36, 37, 38, 42, 43, 44, 49, 50, 53, 55, 57, 58, 61, 62, 63], "summary": {"covered_lines": 35, "num_statements": 35, "percent_covered": 100.0, "percent_covered_display": "100", "missing_lines": 0, "excluded_lines": 0, "percent_statements_covered": 100.0, "percent_statements_covered_display": "100"}, "missing_lines": [], "excluded_lines": [], "start_line": 1}}}, "tests/test_cache.py": {"executed_lines": [1, 2, 3, 4, 5, 6, 9, 12, 13, 15, 16, 17, 19, 20, 23, 27, 28, 30, 32, 33, 35, 38, 39, 40, 43, 46, 48, 49], "summary": {"covered_lines": 28, "num_statements": 28, "percent_covered": 100.0, "percent_covered_display": "100", "missing_lines": 0, "excluded_lines": 0, "percent_statements_covered": 100.0, "percent_statements_covered_display": "100"}, "missing_lines": [], "excluded_lines": [], "functions": {"temp_cache": {"executed_lines": [15, 16, 17, 19, 20], "summary": {"covered_lines": 5, "num_statements": 5, "percent_covered": 100.0, "percent_covered_display": "100", "missing_lines": 0, "excluded_lines": 0, "percent_statements_covered": 100.0, "percent_statements_covered_display": "100"}, "missing_lines": [], "excluded_lines": [], "start_line": 13}, "test_cache_creation_and_hit": {"executed_lines": [27, 28, 30, 32, 33, 35, 38, 39, 40, 43, 46, 48, 49], "summary": {"covered_lines": 13, "num_statements": 13, "percent_covered": 100.0, "percent_covered_display": "100", "missing_lines": 0, "excluded_lines": 0, "percent_statements_covered": 100.0, "percent_statements_covered_display": "100"}, "missing_lines": [], "excluded_lines": [], "start_line": 23}, "": {"executed_lines": [1, 2, 3, 4, 5, 6, 9, 12, 13, 23], "summary": {"covered_lines": 10, "num_statements": 10, "percent_covered": 100.0, "percent_covered_display": "100", "missing_lines": 0, "excluded_lines": 0, "percent_statements_covered": 100.0, "percent_statements_covered_display": "100"}, "missing_lines": [], "excluded_lines": [], "start_line": 1}}, "classes": {"": {"executed_lines": [1, 2, 3, 4, 5, 6, 9, 12, 13, 15, 16, 17, 19, 20, 23, 27, 28, 30, 32, 33, 35, 38, 39, 40, 43, 46, 48, 49], "summary": {"covered_lines": 28, "num_statements": 28, "percent_covered": 100.0, "percent_covered_display": "100", "missing_lines": 0, "excluded_lines": 0, "percent_statements_covered": 100.0, "percent_statements_covered_display": "100"}, "missing_lines": [], "excluded_lines": [], "start_line": 1}}}, "tests/test_cli.py": {"executed_lines": [1, 2, 3, 4, 9, 10, 14, 15, 17, 18, 19, 20, 21, 24, 25, 27, 28, 36, 38, 43, 45, 46, 47, 48, 49, 50, 51, 52, 53, 54, 56, 59, 60, 61], "summary": {"covered_lines": 34, "num_statements": 34, "percent_covered": 100.0, "percent_covered_display": "100", "missing_lines": 0, "excluded_lines": 0, "percent_statements_covered": 100.0, "percent_statements_covered_display": "100"}, "missing_lines": [], "excluded_lines": [], "functions": {"test_cli_main_flow": {"executed_lines": [14, 15, 17, 18, 19, 20, 21, 24, 25, 27, 28, 36, 38, 43, 45, 46, 47, 48, 49, 50, 51, 52, 53, 54, 56, 59, 60, 61], "summary": {"covered_lines": 28, "num_statements": 28, "percent_covered": 100.0, "percent_covered_display": "100", "missing_lines": 0, "excluded_lines": 0, "percent_statements_covered": 100.0, "percent_statements_covered_display": "100"}, "missing_lines": [], "excluded_lines": [], "start_line": 10}, "": {"executed_lines": [1, 2, 3, 4, 9, 10], "summary": {"covered_lines": 6, "num_statements": 6, "percent_covered": 100.0, "percent_covered_display": "100", "missing_lines": 0, "excluded_lines": 0, "percent_statements_covered": 100.0, "percent_statements_covered_display": "100"}, "missing_lines": [], "excluded_lines": [], "start_line": 1}}, "classes": {"": {"executed_lines": [1, 2, 3, 4, 9, 10, 14, 15, 17, 18, 19, 20, 21, 24, 25, 27, 28, 36, 38, 43, 45, 46, 47, 48, 49, 50, 51, 52, 53, 54, 56, 59, 60, 61], "summary": {"covered_lines": 34, "num_statements": 34, "percent_covered": 100.0, "percent_covered_display": "100", "missing_lines": 0, "excluded_lines": 0, "percent_statements_covered": 100.0, "percent_statements_covered_display": "100"}, "missing_lines": [], "excluded_lines": [], "start_line": 1}}}, "tests/test_client_advanced.py": {"executed_lines": [1, 2, 3, 4, 6, 7, 8, 9, 12, 15, 17, 18, 19, 20, 22, 23, 24, 25, 26, 27, 29, 30, 31, 33, 34, 35, 36, 37, 40, 44, 46, 47, 48, 50, 51, 52, 53, 54, 57, 61, 63, 64, 65, 67, 68, 69, 70, 71, 72, 74, 75, 77, 78, 79, 80, 82, 86, 90, 91], "summary": {"covered_lines": 59, "num_statements": 59, "percent_covered": 100.0, "percent_covered_display": "100", "missing_lines": 0, "excluded_lines": 0, "percent_statements_covered": 100.0, "percent_statements_covered_display": "100"}, "missing_lines": [], "excluded_lines": [], "functions": {"test_client_login_success": {"executed_lines": [9, 12, 15, 17, 18, 19, 20], "summary": {"covered_lines": 7, "num_statements": 7, "percent_covered": 100.0, "percent_covered_display": "100", "missing_lines": 0, "excluded_lines": 0, "percent_statements_covered": 100.0, "percent_statements_covered_display": "100"}, "missing_lines": [], "excluded_lines": [], "start_line": 8}, "test_client_login_failure": {"executed_lines": [25, 26, 27, 29, 30, 31], "summary": {"covered_lines": 6, "num_statements": 6, "percent_covered": 100.0, "percent_covered_display": "100", "missing_lines": 0, "excluded_lines": 0, "percent_statements_covered": 100.0, "percent_statements_covered_display": "100"}, "missing_lines": [], "excluded_lines": [], "start_line": 24}, "test_client_vote_success": {"executed_lines": [36, 37, 40, 44, 46, 47, 48], "summary": {"covered_lines": 7, "num_statements": 7, "percent_covered": 100.0, "percent_covered_display": "100", "missing_lines": 0, "excluded_lines": 0, "percent_statements_covered": 100.0, "percent_statements_covered_display": "100"}, "missing_lines": [], "excluded_lines": [], "start_line": 35}, "test_client_hide_success": {"executed_lines": [53, 54, 57, 61, 63, 64, 65], "summary": {"covered_lines": 7, "num_statements": 7, "percent_covered": 100.0, "percent_covered_display": "100", "missing_lines": 0, "excluded_lines": 0, "percent_statements_covered": 100.0, "percent_statements_covered_display": "100"}, "missing_lines": [], "excluded_lines": [], "start_line": 52}, "test_check_session": {"executed_lines": [70, 71, 72, 74, 75], "summary": {"covered_lines": 5, "num_statements": 5, "percent_covered": 100.0, "percent_covered_display": "100", "missing_lines": 0, "excluded_lines": 0, "percent_statements_covered": 100.0, "percent_statements_covered_display": "100"}, "missing_lines": [], "excluded_lines": [], "start_line": 69}, "test_client_scrape_list": {"executed_lines": [80, 82, 86, 90, 91], "summary": {"covered_lines": 5, "num_statements": 5, "percent_covered": 100.0, "percent_covered_display": "100", "missing_lines": 0, "excluded_lines": 0, "percent_statements_covered": 100.0, "percent_statements_covered_display": "100"}, "missing_lines": [], "excluded_lines": [], "start_line": 79}, "": {"executed_lines": [1, 2, 3, 4, 6, 7, 8, 22, 23, 24, 33, 34, 35, 50, 51, 52, 67, 68, 69, 77, 78, 79], "summary": {"covered_lines": 22, "num_statements": 22, "percent_covered": 100.0, "percent_covered_display": "100", "missing_lines": 0, "excluded_lines": 0, "percent_statements_covered": 100.0, "percent_statements_covered_display": "100"}, "missing_lines": [], "excluded_lines": [], "start_line": 1}}, "classes": {"": {"executed_lines": [1, 2, 3, 4, 6, 7, 8, 9, 12, 15, 17, 18, 19, 20, 22, 23, 24, 25, 26, 27, 29, 30, 31, 33, 34, 35, 36, 37, 40, 44, 46, 47, 48, 50, 51, 52, 53, 54, 57, 61, 63, 64, 65, 67, 68, 69, 70, 71, 72, 74, 75, 77, 78, 79, 80, 82, 86, 90, 91], "summary": {"covered_lines": 59, "num_statements": 59, "percent_covered": 100.0, "percent_covered_display": "100", "missing_lines": 0, "excluded_lines": 0, "percent_statements_covered": 100.0, "percent_statements_covered_display": "100"}, "missing_lines": [], "excluded_lines": [], "start_line": 1}}}, "tests/test_clustering.py": {"executed_lines": [1, 2, 5, 10, 11, 13, 14, 15, 18, 24, 27, 30, 33, 35, 41, 42, 44, 45, 46, 47, 48, 50, 51, 54, 56, 57, 58], "summary": {"covered_lines": 27, "num_statements": 27, "percent_covered": 100.0, "percent_covered_display": "100", "missing_lines": 0, "excluded_lines": 0, "percent_statements_covered": 100.0, "percent_statements_covered_display": "100"}, "missing_lines": [], "excluded_lines": [], "functions": {"cluster_favorites": {"executed_lines": [10, 11, 13, 14, 15], "summary": {"covered_lines": 5, "num_statements": 5, "percent_covered": 100.0, "percent_covered_display": "100", "missing_lines": 0, "excluded_lines": 0, "percent_statements_covered": 100.0, "percent_statements_covered_display": "100"}, "missing_lines": [], "excluded_lines": [], "start_line": 5}, "test_clustering_logic": {"executed_lines": [24, 27, 30, 33, 35, 41, 42, 44, 45, 46, 47, 48, 50, 51], "summary": {"covered_lines": 14, "num_statements": 14, "percent_covered": 100.0, "percent_covered_display": "100", "missing_lines": 0, "excluded_lines": 0, "percent_statements_covered": 100.0, "percent_statements_covered_display": "100"}, "missing_lines": [], "excluded_lines": [], "start_line": 18}, "test_clustering_small_input": {"executed_lines": [56, 57, 58], "summary": {"covered_lines": 3, "num_statements": 3, "percent_covered": 100.0, "percent_covered_display": "100", "missing_lines": 0, "excluded_lines": 0, "percent_statements_covered": 100.0, "percent_statements_covered_display": "100"}, "missing_lines": [], "excluded_lines": [], "start_line": 54}, "": {"executed_lines": [1, 2, 5, 18, 54], "summary": {"covered_lines": 5, "num_statements": 5, "percent_covered": 100.0, "percent_covered_display": "100", "missing_lines": 0, "excluded_lines": 0, "percent_statements_covered": 100.0, "percent_statements_covered_display": "100"}, "missing_lines": [], "excluded_lines": [], "start_line": 1}}, "classes": {"": {"executed_lines": [1, 2, 5, 10, 11, 13, 14, 15, 18, 24, 27, 30, 33, 35, 41, 42, 44, 45, 46, 47, 48, 50, 51, 54, 56, 57, 58], "summary": {"covered_lines": 27, "num_statements": 27, "percent_covered": 100.0, "percent_covered_display": "100", "missing_lines": 0, "excluded_lines": 0, "percent_statements_covered": 100.0, "percent_statements_covered_display": "100"}, "missing_lines": [], "excluded_lines": [], "start_line": 1}}}, "tests/test_config.py": {"executed_lines": [1, 2, 3, 4, 6, 8, 9, 11, 12, 13, 16, 17, 20, 21, 24, 25, 26, 29, 30, 31, 33, 34, 35, 36, 37, 39, 40, 41, 43], "summary": {"covered_lines": 29, "num_statements": 29, "percent_covered": 100.0, "percent_covered_display": "100", "missing_lines": 0, "excluded_lines": 0, "percent_statements_covered": 100.0, "percent_statements_covered_display": "100"}, "missing_lines": [], "excluded_lines": [], "functions": {"test_config_workflow": {"executed_lines": [8, 9, 11, 12, 13, 16, 17, 20, 21, 24, 25, 26, 29, 30, 31], "summary": {"covered_lines": 15, "num_statements": 15, "percent_covered": 100.0, "percent_covered_display": "100", "missing_lines": 0, "excluded_lines": 0, "percent_statements_covered": 100.0, "percent_statements_covered_display": "100"}, "missing_lines": [], "excluded_lines": [], "start_line": 6}, "test_load_corrupt_config": {"executed_lines": [34, 35, 36, 37, 39, 40, 41, 43], "summary": {"covered_lines": 8, "num_statements": 8, "percent_covered": 100.0, "percent_covered_display": "100", "missing_lines": 0, "excluded_lines": 0, "percent_statements_covered": 100.0, "percent_statements_covered_display": "100"}, "missing_lines": [], "excluded_lines": [], "start_line": 33}, "": {"executed_lines": [1, 2, 3, 4, 6, 33], "summary": {"covered_lines": 6, "num_statements": 6, "percent_covered": 100.0, "percent_covered_display": "100", "missing_lines": 0, "excluded_lines": 0, "percent_statements_covered": 100.0, "percent_statements_covered_display": "100"}, "missing_lines": [], "excluded_lines": [], "start_line": 1}}, "classes": {"": {"executed_lines": [1, 2, 3, 4, 6, 8, 9, 11, 12, 13, 16, 17, 20, 21, 24, 25, 26, 29, 30, 31, 33, 34, 35, 36, 37, 39, 40, 41, 43], "summary": {"covered_lines": 29, "num_statements": 29, "percent_covered": 100.0, "percent_covered_display": "100", "missing_lines": 0, "excluded_lines": 0, "percent_statements_covered": 100.0, "percent_statements_covered_display": "100"}, "missing_lines": [], "excluded_lines": [], "start_line": 1}}}, "tests/test_fetching.py": {"executed_lines": [1, 2, 3, 4, 6, 7, 8, 9, 10, 12, 13, 14, 15, 16, 18, 19, 20, 21, 23, 24, 26, 27, 29, 30, 31, 32, 34, 35, 37, 38, 39, 40, 44, 45, 50, 53, 54, 55, 65, 68, 70, 71, 72, 75, 76, 80, 82, 83, 84, 86, 87, 88, 90, 91, 97, 98], "summary": {"covered_lines": 56, "num_statements": 56, "percent_covered": 100.0, "percent_covered_display": "100", "missing_lines": 0, "excluded_lines": 0, "percent_statements_covered": 100.0, "percent_statements_covered_display": "100"}, "missing_lines": [], "excluded_lines": [], "functions": {"test_get_user_data": {"executed_lines": [8, 9, 10, 12, 13, 14, 15, 16, 18, 19, 20, 21], "summary": {"covered_lines": 12, "num_statements": 12, "percent_covered": 100.0, "percent_covered_display": "100", "missing_lines": 0, "excluded_lines": 0, "percent_statements_covered": 100.0, "percent_statements_covered_display": "100"}, "missing_lines": [], "excluded_lines": [], "start_line": 7}, "test_fetch_article_text": {"executed_lines": [26, 27], "summary": {"covered_lines": 2, "num_statements": 2, "percent_covered": 100.0, "percent_covered_display": "100", "missing_lines": 0, "excluded_lines": 0, "percent_statements_covered": 100.0, "percent_statements_covered_display": "100"}, "missing_lines": [], "excluded_lines": [], "start_line": 24}, "test_get_top_stories": {"executed_lines": [31, 32, 34, 35, 37, 38, 39, 40], "summary": {"covered_lines": 8, "num_statements": 8, "percent_covered": 100.0, "percent_covered_display": "100", "missing_lines": 0, "excluded_lines": 0, "percent_statements_covered": 100.0, "percent_statements_covered_display": "100"}, "missing_lines": [], "excluded_lines": [], "start_line": 30}, "test_fetch_story_aggregates_comments": {"executed_lines": [50, 53, 54, 55, 65, 68, 70, 71, 72], "summary": {"covered_lines": 9, "num_statements": 9, "percent_covered": 100.0, "percent_covered_display": "100", "missing_lines": 0, "excluded_lines": 0, "percent_statements_covered": 100.0, "percent_statements_covered_display": "100"}, "missing_lines": [], "excluded_lines": [], "start_line": 45}, "test_get_top_stories_resilience": {"executed_lines": [80, 82, 83, 84, 86, 87, 88, 90, 91, 97, 98], "summary": {"covered_lines": 11, "num_statements": 11, "percent_covered": 100.0, "percent_covered_display": "100", "missing_lines": 0, "excluded_lines": 0, "percent_statements_covered": 100.0, "percent_statements_covered_display": "100"}, "missing_lines": [], "excluded_lines": [], "start_line": 76}, "": {"executed_lines": [1, 2, 3, 4, 6, 7, 23, 24, 29, 30, 44, 45, 75, 76], "summary": {"covered_lines": 14, "num_statements": 14, "percent_covered": 100.0, "percent_covered_display": "100", "missing_lines": 0, "excluded_lines": 0, "percent_statements_covered": 100.0, "percent_statements_covered_display": "100"}, "missing_lines": [], "excluded_lines": [], "start_line": 1}}, "classes": {"": {"executed_lines": [1, 2, 3, 4, 6, 7, 8, 9, 10, 12, 13, 14, 15, 16, 18, 19, 20, 21, 23, 24, 26, 27, 29, 30, 31, 32, 34, 35, 37, 38, 39, 40, 44, 45, 50, 53, 54, 55, 65, 68, 70, 71, 72, 75, 76, 80, 82, 83, 84, 86, 87, 88, 90, 91, 97, 98], "summary": {"covered_lines": 56, "num_statements": 56, "percent_covered": 100.0, "percent_covered_display": "100", "missing_lines": 0, "excluded_lines": 0, "percent_statements_covered": 100.0, "percent_statements_covered_display": "100"}, "missing_lines": [], "excluded_lines": [], "start_line": 1}}}, "tests/test_main_cache.py": {"executed_lines": [1, 2, 3, 4, 5, 6, 7, 9, 11, 12, 14, 15, 16, 17, 19, 20, 21, 23, 24, 26, 28, 39, 40, 42, 44, 45, 46, 53, 54, 57, 59, 60, 61, 62, 64, 65, 67, 68, 80, 81, 83, 84, 85, 86, 87, 88], "summary": {"covered_lines": 46, "num_statements": 46, "percent_covered": 100.0, "percent_covered_display": "100", "missing_lines": 0, "excluded_lines": 0, "percent_statements_covered": 100.0, "percent_statements_covered_display": "100"}, "missing_lines": [], "excluded_lines": [], "functions": {"temp_story_cache": {"executed_lines": [14, 15, 16, 17, 19, 20, 21], "summary": {"covered_lines": 7, "num_statements": 7, "percent_covered": 100.0, "percent_covered_display": "100", "missing_lines": 0, "excluded_lines": 0, "percent_statements_covered": 100.0, "percent_statements_covered_display": "100"}, "missing_lines": [], "excluded_lines": [], "start_line": 12}, "test_fetch_story_cache_migration": {"executed_lines": [26, 28, 39, 40, 42, 44, 45, 46, 53, 54, 57, 59, 60, 61, 62], "summary": {"covered_lines": 15, "num_statements": 15, "percent_covered": 100.0, "percent_covered_display": "100", "missing_lines": 0, "excluded_lines": 0, "percent_statements_covered": 100.0, "percent_statements_covered_display": "100"}, "missing_lines": [], "excluded_lines": [], "start_line": 24}, "test_fetch_story_cache_hit_valid": {"executed_lines": [67, 68, 80, 81, 83, 84, 85, 86, 87, 88], "summary": {"covered_lines": 10, "num_statements": 10, "percent_covered": 100.0, "percent_covered_display": "100", "missing_lines": 0, "excluded_lines": 0, "percent_statements_covered": 100.0, "percent_statements_covered_display": "100"}, "missing_lines": [], "excluded_lines": [], "start_line": 65}, "": {"executed_lines": [1, 2, 3, 4, 5, 6, 7, 9, 11, 12, 23, 24, 64, 65], "summary": {"covered_lines": 14, "num_statements": 14, "percent_covered": 100.0, "percent_covered_display": "100", "missing_lines": 0, "excluded_lines": 0, "percent_statements_covered": 100.0, "percent_statements_covered_display": "100"}, "missing_lines": [], "excluded_lines": [], "start_line": 1}}, "classes": {"": {"executed_lines": [1, 2, 3, 4, 5, 6, 7, 9, 11, 12, 14, 15, 16, 17, 19, 20, 21, 23, 24, 26, 28, 39, 40, 42, 44, 45, 46, 53, 54, 57, 59, 60, 61, 62, 64, 65, 67, 68, 80, 81, 83, 84, 85, 86, 87, 88], "summary": {"covered_lines": 46, "num_statements": 46, "percent_covered": 100.0, "percent_covered_display": "100", "missing_lines": 0, "excluded_lines": 0, "percent_statements_covered": 100.0, "percent_statements_covered_display": "100"}, "missing_lines": [], "excluded_lines": [], "start_line": 1}}}, "tests/test_model_loading.py": {"executed_lines": [1, 2, 3, 6, 9, 11, 12, 13, 16, 17, 18, 21, 22, 25, 26, 28, 31, 33, 35, 36, 37, 38, 41, 42, 43, 44, 47], "summary": {"covered_lines": 27, "num_statements": 27, "percent_covered": 100.0, "percent_covered_display": "100", "missing_lines": 0, "excluded_lines": 0, "percent_statements_covered": 100.0, "percent_statements_covered_display": "100"}, "missing_lines": [], "excluded_lines": [], "functions": {"test_model_singleton": {"executed_lines": [9, 11, 12, 13, 16, 17, 18, 21, 22, 25, 26, 28], "summary": {"covered_lines": 12, "num_statements": 12, "percent_covered": 100.0, "percent_covered_display": "100", "missing_lines": 0, "excluded_lines": 0, "percent_statements_covered": 100.0, "percent_statements_covered_display": "100"}, "missing_lines": [], "excluded_lines": [], "start_line": 6}, "test_get_embeddings_lazy_load": {"executed_lines": [33, 35, 36, 37, 38, 41, 42, 43, 44, 47], "summary": {"covered_lines": 10, "num_statements": 10, "percent_covered": 100.0, "percent_covered_display": "100", "missing_lines": 0, "excluded_lines": 0, "percent_statements_covered": 100.0, "percent_statements_covered_display": "100"}, "missing_lines": [], "excluded_lines": [], "start_line": 31}, "": {"executed_lines": [1, 2, 3, 6, 31], "summary": {"covered_lines": 5, "num_statements": 5, "percent_covered": 100.0, "percent_covered_display": "100", "missing_lines": 0, "excluded_lines": 0, "percent_statements_covered": 100.0, "percent_statements_covered_display": "100"}, "missing_lines": [], "excluded_lines": [], "start_line": 1}}, "classes": {"": {"executed_lines": [1, 2, 3, 6, 9, 11, 12, 13, 16, 17, 18, 21, 22, 25, 26, 28, 31, 33, 35, 36, 37, 38, 41, 42, 43, 44, 47], "summary": {"covered_lines": 27, "num_statements": 27, "percent_covered": 100.0, "percent_covered_display": "100", "missing_lines": 0, "excluded_lines": 0, "percent_statements_covered": 100.0, "percent_statements_covered_display": "100"}, "missing_lines": [], "excluded_lines": [], "start_line": 1}}}, "tests/test_properties.py": {"executed_lines": [1, 2, 3, 4, 8, 9, 18, 19, 20, 21, 22, 23, 26, 27, 32, 35, 37, 38, 40, 41, 42, 44, 47, 48, 51, 52, 55, 58, 63, 64, 68, 71, 72, 73, 75, 76, 77, 80, 83, 84, 90], "summary": {"covered_lines": 41, "num_statements": 41, "percent_covered": 100.0, "percent_covered_display": "100", "missing_lines": 0, "excluded_lines": 0, "percent_statements_covered": 100.0, "percent_statements_covered_display": "100"}, "missing_lines": [], "excluded_lines": [], "functions": {"embeddings": {"executed_lines": [9], "summary": {"covered_lines": 1, "num_statements": 1, "percent_covered": 100.0, "percent_covered_display": "100", "missing_lines": 0, "excluded_lines": 0, "percent_statements_covered": 100.0, "percent_statements_covered_display": "100"}, "missing_lines": [], "excluded_lines": [], "start_line": 8}, "same_dimension_embeddings": {"executed_lines": [20, 21, 22, 23], "summary": {"covered_lines": 4, "num_statements": 4, "percent_covered": 100.0, "percent_covered_display": "100", "missing_lines": 0, "excluded_lines": 0, "percent_statements_covered": 100.0, "percent_statements_covered_display": "100"}, "missing_lines": [], "excluded_lines": [], "start_line": 19}, "test_maxsim_property_correctness": {"executed_lines": [32, 35, 37, 38, 40, 41, 42, 44, 47, 48, 51, 52, 55, 58], "summary": {"covered_lines": 14, "num_statements": 14, "percent_covered": 100.0, "percent_covered_display": "100", "missing_lines": 0, "excluded_lines": 0, "percent_statements_covered": 100.0, "percent_statements_covered_display": "100"}, "missing_lines": [], "excluded_lines": [], "start_line": 27}, "test_maxsim_permutation_invariance": {"executed_lines": [68, 71, 72, 73, 75, 76, 77, 80, 83, 84, 90], "summary": {"covered_lines": 11, "num_statements": 11, "percent_covered": 100.0, "percent_covered_display": "100", "missing_lines": 0, "excluded_lines": 0, "percent_statements_covered": 100.0, "percent_statements_covered_display": "100"}, "missing_lines": [], "excluded_lines": [], "start_line": 64}, "": {"executed_lines": [1, 2, 3, 4, 8, 18, 19, 26, 27, 63, 64], "summary": {"covered_lines": 11, "num_statements": 11, "percent_covered": 100.0, "percent_covered_display": "100", "missing_lines": 0, "excluded_lines": 0, "percent_statements_covered": 100.0, "percent_statements_covered_display": "100"}, "missing_lines": [], "excluded_lines": [], "start_line": 1}}, "classes": {"": {"executed_lines": [1, 2, 3, 4, 8, 9, 18, 19, 20, 21, 22, 23, 26, 27, 32, 35, 37, 38, 40, 41, 42, 44, 47, 48, 51, 52, 55, 58, 63, 64, 68, 71, 72, 73, 75, 76, 77, 80, 83, 84, 90], "summary": {"covered_lines": 41, "num_statements": 41, "percent_covered": 100.0, "percent_covered_display": "100", "missing_lines": 0, "excluded_lines": 0, "percent_statements_covered": 100.0, "percent_statements_covered_display": "100"}, "missing_lines": [], "excluded_lines": [], "start_line": 1}}}, "tests/test_rerank.py": {"executed_lines": [1, 2, 3, 6, 13, 23, 31, 35, 36, 37, 41, 42, 47, 48, 49, 52, 56, 58, 63, 67, 68, 69, 70], "summary": {"covered_lines": 23, "num_statements": 23, "percent_covered": 100.0, "percent_covered_display": "100", "missing_lines": 0, "excluded_lines": 0, "percent_statements_covered": 100.0, "percent_statements_covered_display": "100"}, "missing_lines": [], "excluded_lines": [], "functions": {"test_rank_embeddings_maxsim_logic": {"executed_lines": [13, 23, 31, 35, 36, 37, 41, 42, 47, 48, 49], "summary": {"covered_lines": 11, "num_statements": 11, "percent_covered": 100.0, "percent_covered_display": "100", "missing_lines": 0, "excluded_lines": 0, "percent_statements_covered": 100.0, "percent_statements_covered_display": "100"}, "missing_lines": [], "excluded_lines": [], "start_line": 6}, "test_rank_candidates_integration": {"executed_lines": [56, 58, 63, 67, 68, 69, 70], "summary": {"covered_lines": 7, "num_statements": 7, "percent_covered": 100.0, "percent_covered_display": "100", "missing_lines": 0, "excluded_lines": 0, "percent_statements_covered": 100.0, "percent_statements_covered_display": "100"}, "missing_lines": [], "excluded_lines": [], "start_line": 52}, "": {"executed_lines": [1, 2, 3, 6, 52], "summary": {"covered_lines": 5, "num_statements": 5, "percent_covered": 100.0, "percent_covered_display": "100", "missing_lines": 0, "excluded_lines": 0, "percent_statements_covered": 100.0, "percent_statements_covered_display": "100"}, "missing_lines": [], "excluded_lines": [], "start_line": 1}}, "classes": {"": {"executed_lines": [1, 2, 3, 6, 13, 23, 31, 35, 36, 37, 41, 42, 47, 48, 49, 52, 56, 58, 63, 67, 68, 69, 70], "summary": {"covered_lines": 23, "num_statements": 23, "percent_covered": 100.0, "percent_covered_display": "100", "missing_lines": 0, "excluded_lines": 0, "percent_statements_covered": 100.0, "percent_statements_covered_display": "100"}, "missing_lines": [], "excluded_lines": [], "start_line": 1}}}, "tests/test_rerank_advanced.py": {"executed_lines": [1, 2, 3, 5, 7, 9, 10, 13, 14, 16, 18, 21, 22, 23, 24, 25, 26, 28, 29, 31, 32, 34, 35, 39, 40, 43, 44, 46, 47, 48, 49, 50, 51], "summary": {"covered_lines": 33, "num_statements": 33, "percent_covered": 100.0, "percent_covered_display": "100", "missing_lines": 0, "excluded_lines": 0, "percent_statements_covered": 100.0, "percent_statements_covered_display": "100"}, "missing_lines": [], "excluded_lines": [], "functions": {"test_calculate_hn_score": {"executed_lines": [7, 9, 10, 13, 14], "summary": {"covered_lines": 5, "num_statements": 5, "percent_covered": 100.0, "percent_covered_display": "100", "missing_lines": 0, "excluded_lines": 0, "percent_statements_covered": 100.0, "percent_statements_covered_display": "100"}, "missing_lines": [], "excluded_lines": [], "start_line": 5}, "test_rank_mmr_edge_cases": {"executed_lines": [18, 21, 22, 23, 24, 25, 26], "summary": {"covered_lines": 7, "num_statements": 7, "percent_covered": 100.0, "percent_covered_display": "100", "missing_lines": 0, "excluded_lines": 0, "percent_statements_covered": 100.0, "percent_statements_covered_display": "100"}, "missing_lines": [], "excluded_lines": [], "start_line": 16}, "test_rank_stories_no_positives": {"executed_lines": [29, 31, 32], "summary": {"covered_lines": 3, "num_statements": 3, "percent_covered": 100.0, "percent_covered_display": "100", "missing_lines": 0, "excluded_lines": 0, "percent_statements_covered": 100.0, "percent_statements_covered_display": "100"}, "missing_lines": [], "excluded_lines": [], "start_line": 28}, "test_rank_stories_diversity": {"executed_lines": [35, 39, 40, 43, 44], "summary": {"covered_lines": 5, "num_statements": 5, "percent_covered": 100.0, "percent_covered_display": "100", "missing_lines": 0, "excluded_lines": 0, "percent_statements_cove
[...]
96, 97, 99, 100, 102, 103, 105, 106], "summary": {"covered_lines": 62, "num_statements": 62, "percent_covered": 100.0, "percent_covered_display": "100", "missing_lines": 0, "excluded_lines": 0, "percent_statements_covered": 100.0, "percent_statements_covered_display": "100"}, "missing_lines": [], "excluded_lines": [], "start_line": 1}}}, "tests/test_tui_properties.py": {"executed_lines": [1, 2, 3, 4, 5, 6, 9, 10, 19, 20, 22, 24, 26, 33, 34, 36, 37, 38, 39, 40, 41, 42, 44, 50, 51, 52, 53, 57, 58, 59, 60, 62, 63, 65, 66, 67, 68, 72, 73, 74, 75, 78, 81, 82, 84, 85, 87, 88, 89, 90, 94, 95, 96, 97, 98, 99, 101, 102], "summary": {"covered_lines": 58, "num_statements": 58, "percent_covered": 100.0, "percent_covered_display": "100", "missing_lines": 0, "excluded_lines": 0, "percent_statements_covered": 100.0, "percent_statements_covered_display": "100"}, "missing_lines": [], "excluded_lines": [], "functions": {"create_mock_story": {"executed_lines": [10], "summary": {"covered_lines": 1, "num_statements": 1, "percent_covered": 100.0, "percent_covered_display": "100", "missing_lines": 0, "excluded_lines": 0, "percent_statements_covered": 100.0, "percent_statements_covered_display": "100"}, "missing_lines": [], "excluded_lines": [], "start_line": 9}, "tui_mocks": {"executed_lines": [22, 26, 33, 34, 36, 37, 38, 39, 40, 41, 42, 44], "summary": {"covered_lines": 12, "num_statements": 12, "percent_covered": 100.0, "percent_covered_display": "100", "missing_lines": 0, "excluded_lines": 0, "percent_statements_covered": 100.0, "percent_statements_covered_display": "100"}, "missing_lines": [], "excluded_lines": [], "start_line": 20}, "tui_mocks.mock_ranker": {"executed_lines": [24], "summary": {"covered_lines": 1, "num_statements": 1, "percent_covered": 100.0, "percent_covered_display": "100", "missing_lines": 0, "excluded_lines": 0, "percent_statements_covered": 100.0, "percent_statements_covered_display": "100"}, "missing_lines": [], "excluded_lines": [], "start_line": 22}, "test_law_of_ranking_integrity": {"executed_lines": [57, 58, 59, 60, 62, 63], "summary": {"covered_lines": 6, "num_statements": 6, "percent_covered": 100.0, "percent_covered_display": "100", "missing_lines": 0, "excluded_lines": 0, "percent_statements_covered": 100.0, "percent_statements_covered_display": "100"}, "missing_lines": [], "excluded_lines": [], "start_line": 53}, "test_law_of_expansion_isolation": {"executed_lines": [72, 73, 74, 75, 78, 81, 82, 84, 85], "summary": {"covered_lines": 9, "num_statements": 9, "percent_covered": 100.0, "percent_covered_display": "100", "missing_lines": 0, "excluded_lines": 0, "percent_statements_covered": 100.0, "percent_statements_covered_display": "100"}, "missing_lines": [], "excluded_lines": [], "start_line": 68}, "test_system_thermal_stability": {"executed_lines": [94, 95, 96, 97, 98, 99, 101, 102], "summary": {"covered_lines": 8, "num_statements": 8, "percent_covered": 100.0, "percent_covered_display": "100", "missing_lines": 0, "excluded_lines": 0, "percent_statements_covered": 100.0, "percent_statements_covered_display": "100"}, "missing_lines": [], "excluded_lines": [], "start_line": 90}, "": {"executed_lines": [1, 2, 3, 4, 5, 6, 9, 19, 20, 50, 51, 52, 53, 65, 66, 67, 68, 87, 88, 89, 90], "summary": {"covered_lines": 21, "num_statements": 21, "percent_covered": 100.0, "percent_covered_display": "100", "missing_lines": 0, "excluded_lines": 0, "percent_statements_covered": 100.0, "percent_statements_covered_display": "100"}, "missing_lines": [], "excluded_lines": [], "start_line": 1}}, "classes": {"": {"executed_lines": [1, 2, 3, 4, 5, 6, 9, 10, 19, 20, 22, 24, 26, 33, 34, 36, 37, 38, 39, 40, 41, 42, 44, 50, 51, 52, 53, 57, 58, 59, 60, 62, 63, 65, 66, 67, 68, 72, 73, 74, 75, 78, 81, 82, 84, 85, 87, 88, 89, 90, 94, 95, 96, 97, 98, 99, 101, 102], "summary": {"covered_lines": 58, "num_statements": 58, "percent_covered": 100.0, "percent_covered_display": "100", "missing_lines": 0, "excluded_lines": 0, "percent_statements_covered": 100.0, "percent_statements_covered_display": "100"}, "missing_lines": [], "excluded_lines": [], "start_line": 1}}}, "tests/test_weighted_ranking.py": {"executed_lines": [1, 2, 3, 6, 10, 15, 24, 25, 28, 37, 38, 42, 45, 49, 52, 57, 58, 60, 69, 70], "summary": {"covered_lines": 20, "num_statements": 20, "percent_covered": 100.0, "percent_covered_display": "100", "missing_lines": 0, "excluded_lines": 0, "percent_statements_covered": 100.0, "percent_statements_covered_display": "100"}, "missing_lines": [], "excluded_lines": [], "functions": {"test_rank_stories_weighted_logic": {"executed_lines": [10, 15, 24, 25, 28, 37, 38, 42], "summary": {"covered_lines": 8, "num_statements": 8, "percent_covered": 100.0, "percent_covered_display": "100", "missing_lines": 0, "excluded_lines": 0, "percent_statements_covered": 100.0, "percent_statements_covered_display": "100"}, "missing_lines": [], "excluded_lines": [], "start_line": 6}, "test_rank_stories_tie_breaking": {"executed_lines": [49, 52, 57, 58, 60, 69, 70], "summary": {"covered_lines": 7, "num_statements": 7, "percent_covered": 100.0, "percent_covered_display": "100", "missing_lines": 0, "excluded_lines": 0, "percent_statements_covered": 100.0, "percent_statements_covered_display": "100"}, "missing_lines": [], "excluded_lines": [], "start_line": 45}, "": {"executed_lines": [1, 2, 3, 6, 45], "summary": {"covered_lines": 5, "num_statements": 5, "percent_covered": 100.0, "percent_covered_display": "100", "missing_lines": 0, "excluded_lines": 0, "percent_statements_covered": 100.0, "percent_statements_covered_display": "100"}, "missing_lines": [], "excluded_lines": [], "start_line": 1}}, "classes": {"": {"executed_lines": [1, 2, 3, 6, 10, 15, 24, 25, 28, 37, 38, 42, 45, 49, 52, 57, 58, 60, 69, 70], "summary": {"covered_lines": 20, "num_statements": 20, "percent_covered": 100.0, "percent_covered_display": "100", "missing_lines": 0, "excluded_lines": 0, "percent_statements_covered": 100.0, "percent_statements_covered_display": "100"}, "missing_lines": [], "excluded_lines": [], "start_line": 1}}}, "tui_app.py": {"executed_lines": [1, 2, 3, 4, 5, 6, 7, 8, 9, 10, 12, 13, 14, 15, 16, 17, 19, 20, 21, 22, 23, 26, 27, 30, 31, 32, 44, 45, 46, 48, 49, 50, 51, 52, 53, 55, 56, 57, 58, 59, 63, 68, 69, 72, 74, 75, 79, 80, 83, 84, 86, 87, 88, 89, 90, 92, 93, 101, 102, 107, 108, 111, 112, 115, 116, 118, 119, 120, 121, 122, 123, 124, 129, 130, 187, 199, 200, 201, 202, 204, 205, 206, 207, 208, 210, 212, 224, 229, 231, 232, 233, 235, 236, 237, 239, 240, 241, 244, 246, 248, 249, 250, 253, 254, 256, 257, 258, 259, 261, 262, 264, 269, 270, 271, 272, 273, 275, 277, 278, 279, 281, 290, 292, 293, 295, 296, 297, 299, 300, 301, 304, 305, 306, 307, 309, 314, 316, 317, 319, 320, 321, 322, 323, 325, 333, 341, 346, 347, 348, 349, 350, 352, 353, 354, 355, 356, 357, 359, 361, 362, 363, 364, 365, 367, 368, 369, 370, 371, 372, 373, 375, 377, 381], "summary": {"covered_lines": 173, "num_statements": 228, "percent_covered": 75.87719298245614, "percent_covered_display": "76", "missing_lines": 55, "excluded_lines": 0, "percent_statements_covered": 75.87719298245614, "percent_statements_covered_display": "76"}, "missing_lines": [33, 34, 35, 36, 37, 38, 39, 41, 76, 77, 94, 98, 99, 103, 104, 105, 109, 113, 125, 126, 213, 214, 215, 217, 218, 219, 220, 222, 225, 251, 265, 266, 267, 310, 311, 312, 326, 327, 328, 330, 331, 334, 335, 339, 342, 343, 344, 351, 366, 378, 382, 383, 384, 385, 386], "excluded_lines": [], "functions": {"get_relative_time": {"executed_lines": [31, 32], "summary": {"covered_lines": 2, "num_statements": 10, "percent_covered": 20.0, "percent_covered_display": "20", "missing_lines": 8, "excluded_lines": 0, "percent_statements_covered": 20.0, "percent_statements_covered_display": "20"}, "missing_lines": [33, 34, 35, 36, 37, 38, 39, 41], "excluded_lines": [], "start_line": 30}, "StoryItem.__init__": {"executed_lines": [49, 50, 51, 52, 53], "summary": {"covered_lines": 5, "num_statements": 5, "percent_covered": 100.0, "percent_covered_display": "100", "missing_lines": 0, "excluded_lines": 0, "percent_statements_covered": 100.0, "percent_statements_covered_display": "100"}, "missing_lines": [], "excluded_lines": [], "start_line": 48}, "StoryItem.compose": {"executed_lines": [56, 57, 58, 59, 63, 68, 69, 72, 74, 75, 79, 80, 83, 84, 86, 87, 88, 89, 90], "summary": {"covered_lines": 19, "num_statements": 21, "percent_covered": 90.47619047619048, "percent_covered_display": "90", "missing_lines": 2, "excluded_lines": 0, "percent_statements_covered": 90.47619047619048, "percent_statements_covered_display": "90"}, "missing_lines": [76, 77], "excluded_lines": [], "start_line": 55}, "StoryItem.on_open_art": {"executed_lines": [], "summary": {"covered_lines": 0, "num_statements": 3, "percent_covered": 0.0, "percent_covered_display": "0", "missing_lines": 3, "excluded_lines": 0, "percent_statements_covered": 0.0, "percent_statements_covered_display": "0"}, "missing_lines": [94, 98, 99], "excluded_lines": [], "start_line": 93}, "StoryItem.on_open_hn": {"executed_lines": [], "summary": {"covered_lines": 0, "num_statements": 3, "percent_covered": 0.0, "percent_covered_display": "0", "missing_lines": 3, "excluded_lines": 0, "percent_statements_covered": 0.0, "percent_statements_covered_display": "0"}, "missing_lines": [103, 104, 105], "excluded_lines": [], "start_line": 102}, "StoryItem.on_upvote": {"executed_lines": [], "summary": {"covered_lines": 0, "num_statements": 1, "percent_covered": 0.0, "percent_covered_display": "0", "missing_lines": 1, "excluded_lines": 0, "percent_statements_covered": 0.0, "percent_statements_covered_display": "0"}, "missing_lines": [109], "excluded_lines": [], "start_line": 108}, "StoryItem.on_hide": {"executed_lines": [], "summary": {"covered_lines": 0, "num_statements": 1, "percent_covered": 0.0, "percent_covered_display": "0", "missing_lines": 1, "excluded_lines": 0, "percent_statements_covered": 0.0, "percent_statements_covered_display": "0"}, "missing_lines": [113], "excluded_lines": [], "start_line": 112}, "StoryItem.watch_expanded": {"executed_lines": [116], "summary": {"covered_lines": 1, "num_statements": 1, "percent_covered": 100.0, "percent_covered_display": "100", "missing_lines": 0, "excluded_lines": 0, "percent_statements_covered": 100.0, "percent_statements_covered_display": "100"}, "missing_lines": [], "excluded_lines": [], "start_line": 115}, "StoryItem.watch_vote_status": {"executed_lines": [119, 120, 121, 122, 123, 124], "summary": {"covered_lines": 6, "num_statements": 8, "percent_covered": 75.0, "percent_covered_display": "75", "missing_lines": 2, "excluded_lines": 0, "percent_statements_covered": 75.0, "percent_statements_covered_display": "75"}, "missing_lines": [125, 126], "excluded_lines": [], "start_line": 118}, "HNRerankTUI.__init__": {"executed_lines": [200, 201, 202], "summary": {"covered_lines": 3, "num_statements": 3, "percent_covered": 100.0, "percent_covered_display": "100", "missing_lines": 0, "excluded_lines": 0, "percent_statements_covered": 100.0, "percent_statements_covered_display": "100"}, "missing_lines": [], "excluded_lines": [], "start_line": 199}, "HNRerankTUI.compose": {"executed_lines": [205, 206, 207, 208], "summary": {"covered_lines": 4, "num_statements": 4, "percent_covered": 100.0, "percent_covered_display": "100", "missing_lines": 0, "excluded_lines": 0, "percent_statements_covered": 100.0, "percent_statements_covered_display": "100"}, "missing_lines": [], "excluded_lines": [], "start_line": 204}, "HNRerankTUI.on_mount": {"executed_lines": [212, 224, 229], "summary": {"covered_lines": 3, "num_statements": 12, "percent_covered": 25.0, "percent_covered_display": "25", "missing_lines": 9, "excluded_lines": 0, "percent_statements_covered": 25.0, "percent_statements_covered_display": "25"}, "missing_lines": [213, 214, 215, 217, 218, 219, 220, 222, 225], "excluded_lines": [], "start_line": 210}, "HNRerankTUI.on_item_selected": {"executed_lines": [233], "summary": {"covered_lines": 1, "num_statements": 1, "percent_covered": 100.0, "percent_covered_display": "100", "missing_lines": 0, "excluded_lines": 0, "percent_statements_covered": 100.0, "percent_statements_covered_display": "100"}, "missing_lines": [], "excluded_lines": [], "start_line": 232}, "HNRerankTUI.on_highlight_changed": {"executed_lines": [237, 239, 240, 241, 244, 246], "summary": {"covered_lines": 6, "num_statements": 6, "percent_covered": 100.0, "percent_covered_display": "100", "missing_lines": 0, "excluded_lines": 0, "percent_statements_covered": 100.0, "percent_statements_covered_display": "100"}, "missing_lines": [], "excluded_lines": [], "start_line": 236}, "HNRerankTUI.refresh_feed": {"executed_lines": [250, 253, 254, 256, 257, 258, 259, 261, 262, 264, 269, 270, 290, 292, 293, 295, 296, 297, 299, 300, 301, 304, 307, 309, 314], "summary": {"covered_lines": 25, "num_statements": 32, "percent_covered": 78.125, "percent_covered_display": "78", "missing_lines": 7, "excluded_lines": 0, "percent_statements_covered": 78.125, "percent_statements_covered_display": "78"}, "missing_lines": [251, 265, 266, 267, 310, 311, 312], "excluded_lines": [], "start_line": 249}, "HNRerankTUI.refresh_feed.do_rank": {"executed_lines": [271, 272, 273, 275, 277, 278, 279, 281], "summary": {"covered_lines": 8, "num_statements": 8, "percent_covered": 100.0, "percent_covered_display": "100", "missing_lines": 0, "excluded_lines": 0, "percent_statements_covered": 100.0, "percent_statements_covered_display": "100"}, "missing_lines": [], "excluded_lines": [], "start_line": 270}, "HNRerankTUI.refresh_feed.expand_first": {"executed_lines": [305, 306], "summary": {"covered_lines": 2, "num_statements": 2, "percent_covered": 100.0, "percent_covered_display": "100", "missing_lines": 0, "excluded_lines": 0, "percent_statements_covered": 100.0, "percent_statements_covered_display": "100"}, "missing_lines": [], "excluded_lines": [], "start_line": 304}, "HNRerankTUI._get_current": {"executed_lines": [317], "summary": {"covered_lines": 1, "num_statements": 1, "percent_covered": 100.0, "percent_covered_display": "100", "missing_lines": 0, "excluded_lines": 0, "percent_statements_covered": 100.0, "percent_statements_covered_display": "100"}, "missing_lines": [], "excluded_lines": [], "start_line": 316}, "HNRerankTUI.action_toggle_expand": {"executed_lines": [320, 321, 322, 323], "summary": {"covered_lines": 4, "num_statements": 4, "percent_covered": 100.0, "percent_covered_display": "100", "missing_lines": 0, "excluded_lines": 0, "percent_statements_covered": 100.0, "percent_statements_covered_display": "100"}, "missing_lines": [], "excluded_lines": [], "start_line": 319}, "HNRerankTUI._open_url": {"executed_lines": [], "summary": {"covered_lines": 0, "num_statements": 5, "percent_covered": 0.0, "percent_covered_display": "0", "missing_lines": 5, "excluded_lines": 0, "percent_statements_covered": 0.0, "percent_statements_covered_display": "0"}, "missing_lines": [326, 327, 328, 330, 331], "excluded_lines": [], "start_line": 325}, "HNRerankTUI.action_open_article": {"executed_lines": [], "summary": {"covered_lines": 0, "num_statements": 3, "percent_covered": 0.0, "percent_covered_display": "0", "missing_lines": 3, "excluded_lines": 0, "percent_statements_covered": 0.0, "percent_statements_covered_display": "0"}, "missing_lines": [334, 335, 339], "excluded_lines": [], "start_line": 333}, "HNRerankTUI.action_open_hn": {"executed_lines": [], "summary": {"covered_lines": 0, "num_statements": 3, "percent_covered": 0.0, "percent_covered_display": "0", "missing_lines": 3, "excluded_lines": 0, "percent_statements_covered": 0.0, "percent_statements_covered_display": "0"}, "missing_lines": [342, 343, 344], "excluded_lines": [], "start_line": 341}, "HNRerankTUI.action_upvote": {"executed_lines": [348, 349, 350, 352, 353, 354, 355, 356, 357, 359], "summary": {"covered_lines": 10, "num_statements": 11, "percent_covered": 90.9090909090909, "percent_covered_display": "91", "missing_lines": 1, "excluded_lines": 0, "percent_statements_covered": 90.9090909090909, "percent_statements_covered_display": "91"}, "missing_lines": [351], "excluded_lines": [], "start_line": 347}, "HNRerankTUI.action_hide": {"executed_lines": [363, 364, 365, 367, 368, 369, 370, 371, 372, 373, 375], "summary": {"covered_lines": 11, "num_statements": 12, "percent_covered": 91.66666666666667, "percent_covered_display": "92", "missing_lines": 1, "excluded_lines": 0, "percent_statements_covered": 91.66666666666667, "percent_statements_covered_display": "92"}, "missing_lines": [366], "excluded_lines": [], "start_line": 362}, "HNRerankTUI.action_refresh_feed": {"executed_lines": [], "summary": {"covered_lines": 0, "num_statements": 1, "percent_covered": 0.0, "percent_covered_display": "0", "missing_lines": 1, "excluded_lines": 0, "percent_statements_covered": 0.0, "percent_statements_covered_display": "0"}, "missing_lines": [378], "excluded_lines": [], "start_line": 377}, "": {"executed_lines": [1, 2, 3, 4, 5, 6, 7, 8, 9, 10, 12, 13, 14, 15, 16, 17, 19, 20, 21, 22, 23, 26, 27, 30, 44, 45, 46, 48, 55, 92, 93, 101, 102, 107, 108, 111, 112, 115, 118, 129, 130, 187, 199, 204, 210, 231, 232, 235, 236, 248, 249, 316, 319, 325, 333, 341, 346, 347, 361, 362, 377, 381], "summary": {"covered_lines": 62, "num_statements": 67, "percent_covered": 92.53731343283582, "percent_covered_display": "93", "missing_lines": 5, "excluded_lines": 0, "percent_statements_covered": 92.53731343283582, "percent_statements_covered_display": "93"}, "missing_lines": [382, 383, 384, 385, 386], "excluded_lines": [], "start_line": 1}}, "classes": {"StoryItem": {"executed_lines": [49, 50, 51, 52, 53, 56, 57, 58, 59, 63, 68, 69, 72, 74, 75, 79, 80, 83, 84, 86, 87, 88, 89, 90, 116, 119, 120, 121, 122, 123, 124], "summary": {"covered_lines": 31, "num_statements": 43, "percent_covered": 72.09302325581395, "percent_covered_display": "72", "missing_lines": 12, "excluded_lines": 0, "percent_statements_covered": 72.09302325581395, "percent_statements_covered_display": "72"}, "missing_lines": [76, 77, 94, 98, 99, 103, 104, 105, 109, 113, 125, 126], "excluded_lines": [], "start_line": 44}, "HNRerankTUI": {"executed_lines": [200, 201, 202, 205, 206, 207, 208, 212, 224, 229, 233, 237, 239, 240, 241, 244, 246, 250, 253, 254, 256, 257, 258, 259, 261, 262, 264, 269, 270, 271, 272, 273, 275, 277, 278, 279, 281, 290, 292, 293, 295, 296, 297, 299, 300, 301, 304, 305, 306, 307, 309, 314, 317, 320, 321, 322, 323, 348, 349, 350, 352, 353, 354, 355, 356, 357, 359, 363, 364, 365, 367, 368, 369, 370, 371, 372, 373, 375], "summary": {"covered_lines": 78, "num_statements": 108, "percent_covered": 72.22222222222223, "percent_covered_display": "72", "missing_lines": 30, "excluded_lines": 0, "percent_statements_covered": 72.22222222222223, "percent_statements_covered_display": "72"}, "missing_lines": [213, 214, 215, 217, 218, 219, 220, 222, 225, 251, 265, 266, 267, 310, 311, 312, 326, 327, 328, 330, 331, 334, 335, 339, 342, 343, 344, 351, 366, 378], "excluded_lines": [], "start_line": 129}, "": {"executed_lines": [1, 2, 3, 4, 5, 6, 7, 8, 9, 10, 12, 13, 14, 15, 16, 17, 19, 20, 21, 22, 23, 26, 27, 30, 31, 32, 44, 45, 46, 48, 55, 92, 93, 101, 102, 107, 108, 111, 112, 115, 118, 129, 130, 187, 199, 204, 210, 231, 232, 235, 236, 248, 249, 316, 319, 325, 333, 341, 346, 347, 361, 362, 377, 381], "summary": {"covered_lines": 64, "num_statements": 77, "percent_covered": 83.11688311688312, "percent_covered_display": "83", "missing_lines": 13, "excluded_lines": 0, "percent_statements_covered": 83.11688311688312, "percent_statements_covered_display": "83"}, "missing_lines": [33, 34, 35, 36, 37, 38, 39, 41, 382, 383, 384, 385, 386], "excluded_lines": [], "start_line": 1}}}}, "totals": {"covered_lines": 1325, "num_statements": 1707, "percent_covered": 77.6215582893966, "percent_covered_display": "78", "missing_lines": 382, "excluded_lines": 0, "percent_statements_covered": 77.6215582893966, "percent_statements_covered_display": "78"}}